[0531/183052.824:ERROR:process_memory_win.cc(73)] ReadMemory at 0x7ff7ab960078 of 264 bytes failed: Запрос ReadProcessMemory или WriteProcessMemory был выполнен только частично. (0x12B)
[0531/183052.834:WARNING:pe_image_reader.cc(354)] could not read nt headers from C:\Program Files (x86)\Google\Chrome\Application\chrome.exe
[0531/183052.834:ERROR:process_memory_win.cc(73)] ReadMemory at 0x7ff7ab960000 of 64 bytes failed: Запрос ReadProcessMemory или WriteProcessMemory был выполнен только частично. (0x12B)
[0531/183052.834:WARNING:pe_image_reader.cc(340)] could not read dos header from C:\Program Files (x86)\Google\Chrome\Application\chrome.exe
[0531/183052.834:ERROR:process_memory_win.cc(73)] ReadMemory at 0x7ffe5b420000 of 64 bytes failed: Запрос ReadProcessMemory или WriteProcessMemory был выполнен только частично. (0x12B)
[0531/183052.834:WARNING:pe_image_reader.cc(340)] could not read dos header from C:\WINDOWS\SYSTEM32\ntdll.dll
[0531/183052.834:ERROR:process_memory_win.cc(73)] ReadMemory at 0x7ffe5b420000 of 64 bytes failed: Запрос ReadProcessMemory или WriteProcessMemory был выполнен только частично. (0x12B)
[0531/183052.834:WARNING:pe_image_reader.cc(340)] could not read dos header from C:\WINDOWS\SYSTEM32\ntdll.dll
[0531/183052.835:ERROR:process_memory_win.cc(73)] ReadMemory at 0x7ffe5ada0000 of 64 bytes failed: Запрос ReadProcessMemory или WriteProcessMemory был выполнен только частично. (0x12B)
[0531/183052.835:WARNING:pe_image_reader.cc(340)] could not read dos header from C:\WINDOWS\System32\KERNEL32.DLL
[0531/183052.835:ERROR:process_memory_win.cc(73)] ReadMemory at 0x7ffe5ada0000 of 64 bytes failed: Запрос ReadProcessMemory или WriteProcessMemory был выполнен только частично. (0x12B)
[0531/183052.835:WARNING:pe_image_reader.cc(340)] could not read dos header from C:\WINDOWS\System32\KERNEL32.DLL
[0531/183052.835:ERROR:process_memory_win.cc(73)] ReadMemory at 0x7ffe58c50000 of 64 bytes failed: Запрос ReadProcessMemory или WriteProcessMemory был выполнен только частично. (0x12B)
[0531/183052.835:WARNING:pe_image_reader.cc(340)] could not read dos header from C:\WINDOWS\System32\KERNELBASE.dll
[0531/183052.835:ERROR:process_memory_win.cc(73)] ReadMemory at 0x7ffe58c50000 of 64 bytes failed: Запрос ReadProcessMemory или WriteProcessMemory был выполнен только частично. (0x12B)
[0531/183052.835:WARNING:pe_image_reader.cc(340)] could not read dos header from C:\WINDOWS\System32\KERNELBASE.dll
[0531/183052.835:ERROR:process_memory_win.cc(73)] ReadMemory at 0x7ffe326c0000 of 64 bytes failed: Запрос ReadProcessMemory или WriteProcessMemory был выполнен только частично. (0x12B)
[0531/183052.835:WARNING:pe_image_reader.cc(340)] could not read dos header from C:\Program Files (x86)\Google\Chrome\Application\83.0.4103.61\chrome_elf.dll
[0531/183052.835:ERROR:process_memory_win.cc(73)] ReadMemory at 0x7ffe326c0000 of 64 bytes failed: Запрос ReadProcessMemory или WriteProcessMemory был выполнен только частично. (0x12B)
[0531/183052.835:WARNING:pe_image_reader.cc(340)] could not read dos header from C:\Program Files (x86)\Google\Chrome\Application\83.0.4103.61\chrome_elf.dll
[0531/183052.835:ERROR:process_memory_win.cc(73)] ReadMemory at 0x7ffe51880000 of 64 bytes failed: Запрос ReadProcessMemory или WriteProcessMemory был выполнен только частично. (0x12B)
[0531/183052.835:WARNING:pe_image_reader.cc(340)] could not read dos header from C:\WINDOWS\SYSTEM32\VERSION.dll
[0531/183052.835:ERROR:process_memory_win.cc(73)] ReadMemory at 0x7ffe51880000 of 64 bytes failed: Запрос ReadProcessMemory или WriteProcessMemory был выполнен только частично. (0x12B)
[0531/183052.835:WARNING:pe_image_reader.cc(340)] could not read dos header from C:\WINDOWS\SYSTEM32\VERSION.dll
[0531/183052.835:ERROR:process_memory_win.cc(73)] ReadMemory at 0x7ffe5a7b0000 of 64 bytes failed: Запрос ReadProcessMemory или WriteProcessMemory был выполнен только частично. (0x12B)
[0531/183052.835:WARNING:pe_image_reader.cc(340)] could not read dos header from C:\WINDOWS\System32\msvcrt.dll
[0531/183052.835:ERROR:process_memory_win.cc(73)] ReadMemory at 0x7ffe5a7b0000 of 64 bytes failed: Запрос ReadProcessMemory или WriteProcessMemory был выполнен только частично. (0x12B)
[0531/183052.835:WARNING:pe_image_reader.cc(340)] could not read dos header from C:\WINDOWS\System32\msvcrt.dll
[0531/183052.835:ERROR:process_memory_win.cc(73)] ReadMemory at 0x7ffe59300000 of 64 bytes failed: Запрос ReadProcessMemory или WriteProcessMemory был выполнен только частично. (0x12B)
[0531/183052.835:WARNING:pe_image_reader.cc(340)] could not read dos header from C:\WINDOWS\System32\bcryptPrimitives.dll
[0531/183052.835:ERROR:process_memory_win.cc(73)] ReadMemory at 0x7ffe59300000 of 64 bytes failed: Запрос ReadProcessMemory или WriteProcessMemory был выполнен только частично. (0x12B)
[0531/183052.835:WARNING:pe_image_reader.cc(340)] could not read dos header from C:\WINDOWS\System32\bcryptPrimitives.dll
[0531/183052.835:ERROR:process_memory_win.cc(73)] ReadMemory at 0x7ffe5a970000 of 64 bytes failed: Запрос ReadProcessMemory или WriteProcessMemory был выполнен только частично. (0x12B)
[0531/183052.835:WARNING:pe_image_reader.cc(340)] could not read dos header from C:\WINDOWS\System32\ADVAPI32.dll
[0531/183052.835:ERROR:process_memory_win.cc(73)] ReadMemory at 0x7ffe5a970000 of 64 bytes failed: Запрос ReadProcessMemory или WriteProcessMemory был выполнен только частично. (0x12B)
[0531/183052.835:WARNING:pe_image_reader.cc(340)] could not read dos header from C:\WINDOWS\System32\ADVAPI32.dll
[0531/183052.835:ERROR:process_memory_win.cc(73)] ReadMemory at 0x7ffe59880000 of 64 bytes failed: Запрос ReadProcessMemory или WriteProcessMemory был выполнен только частично. (0x12B)
[0531/183052.835:WARNING:pe_image_reader.cc(340)] could not read dos header from C:\WINDOWS\System32\sechost.dll
[0531/183052.835:ERROR:process_memory_win.cc(73)] ReadMemory at 0x7ffe59880000 of 64 bytes failed: Запрос ReadProcessMemory или WriteProcessMemory был выполнен только частично. (0x12B)
[0531/183052.835:WARNING:pe_image_reader.cc(340)] could not read dos header from C:\WINDOWS\System32\sechost.dll
[0531/183052.835:ERROR:process_memory_win.cc(73)] ReadMemory at 0x7ffe5a850000 of 64 bytes failed: Запрос ReadProcessMemory или WriteProcessMemory был выполнен только частично. (0x12B)
[0531/183052.835:WARNING:pe_image_reader.cc(340)] could not read dos header from C:\WINDOWS\System32\RPCRT4.dll
[0531/183052.835:ERROR:process_memory_win.cc(73)] ReadMemory at 0x7ffe5a850000 of 64 bytes failed: Запрос ReadProcessMemory или WriteProcessMemory был выполнен только частично. (0x12B)
[0531/183052.835:WARNING:pe_image_reader.cc(340)] could not read dos header from C:\WINDOWS\System32\RPCRT4.dll
[0531/183052.835:ERROR:process_memory_win.cc(73)] ReadMemory at 0x7ffe0a7d0000 of 64 bytes failed: Запрос ReadProcessMemory или WriteProcessMemory был выполнен только частично. (0x12B)
[0531/183052.835:WARNING:pe_image_reader.cc(340)] could not read dos header from C:\Program Files (x86)\Google\Chrome\Application\83.0.4103.61\chrome.dll
[0531/183052.835:ERROR:process_memory_win.cc(73)] ReadMemory at 0x7ffe0a7d0000 of 64 bytes failed: Запрос ReadProcessMemory или WriteProcessMemory был выполнен только частично. (0x12B)
[0531/183052.835:WARNING:pe_image_reader.cc(340)] could not read dos header from C:\Program Files (x86)\Google\Chrome\Application\83.0.4103.61\chrome.dll
[0531/183052.836:ERROR:process_memory_win.cc(73)] ReadMemory at 0x7ffe5a730000 of 64 bytes failed: Запрос ReadProcessMemory или WriteProcessMemory был выполнен только частично. (0x12B)
[0531/183052.836:WARNING:pe_image_reader.cc(340)] could not read dos header from C:\WINDOWS\System32\WS2_32.dll
[0531/183052.836:ERROR:process_memory_win.cc(73)] ReadMemory at 0x7ffe5a730000 of 64 bytes failed: Запрос ReadProcessMemory или WriteProcessMemory был выполнен только частично. (0x12B)
[0531/183052.836:WARNING:pe_image_reader.cc(340)] could not read dos header from C:\WINDOWS\System32\WS2_32.dll
[0531/183052.836:ERROR:process_memory_win.cc(73)] ReadMemory at 0x7ffe59730000 of 64 bytes failed: Запрос ReadProcessMemory или WriteProcessMemory был выполнен только частично. (0x12B)
[0531/183052.836:WARNING:pe_image_reader.cc(340)] could not read dos header from C:\WINDOWS\System32\OLEAUT32.dll
[0531/183052.836:ERROR:process_memory_win.cc(73)] ReadMemory at 0x7ffe59730000 of 64 bytes failed: Запрос ReadProcessMemory или WriteProcessMemory был выполнен только частично. (0x12B)
[0531/183052.836:WARNING:pe_image_reader.cc(340)] could not read dos header from C:\WINDOWS\System32\OLEAUT32.dll
[0531/183052.836:ERROR:process_memory_win.cc(73)] ReadMemory at 0x7ffe58430000 of 64 bytes failed: Запрос ReadProcessMemory или WriteProcessMemory был выполнен только частично. (0x12B)
[0531/183052.836:WARNING:pe_image_reader.cc(340)] could not read dos header from C:\WINDOWS\System32\msvcp_win.dll
[0531/183052.836:ERROR:process_memory_win.cc(73)] ReadMemory at 0x7ffe58430000 of 64 bytes failed: Запрос ReadProcessMemory или WriteProcessMemory был выполнен только частично. (0x12B)
[0531/183052.836:WARNING:pe_image_reader.cc(340)] could not read dos header from C:\WINDOWS\System32\msvcp_win.dll
[0531/183052.836:ERROR:process_memory_win.cc(73)] ReadMemory at 0x7ffe58f30000 of 64 bytes failed: Запрос ReadProcessMemory или WriteProcessMemory был выполнен только частично. (0x12B)
[0531/183052.836:WARNING:pe_image_reader.cc(340)] could not read dos header from C:\WINDOWS\System32\ucrtbase.dll
[0531/183052.836:ERROR:process_memory_win.cc(73)] ReadMemory at 0x7ffe58f30000 of 64 bytes failed: Запрос ReadProcessMemory или WriteProcessMemory был выполнен только частично. (0x12B)
[0531/183052.836:WARNING:pe_image_reader.cc(340)] could not read dos header from C:\WINDOWS\System32\ucrtbase.dll
[0531/183052.836:ERROR:process_memory_win.cc(73)] ReadMemory at 0x7ffe59b40000 of 64 bytes failed: Запрос ReadProcessMemory или WriteProcessMemory был выполнен только частично. (0x12B)
[0531/183052.836:WARNING:pe_image_reader.cc(340)] could not read dos header from C:\WINDOWS\System32\combase.dll
[0531/183052.836:ERROR:process_memory_win.cc(73)] ReadMemory at 0x7ffe59b40000 of 64 bytes failed: Запрос ReadProcessMemory или WriteProcessMemory был выполнен только частично. (0x12B)
[0531/183052.836:WARNING:pe_image_reader.cc(340)] could not read dos header from C:\WINDOWS\System32\combase.dll
[0531/183052.836:ERROR:process_memory_win.cc(73)] ReadMemory at 0x7ffe59030000 of 64 bytes failed: Запрос ReadProcessMemory или WriteProcessMemory был выполнен только частично. (0x12B)
[0531/183052.836:WARNING:pe_image_reader.cc(340)] could not read dos header from C:\WINDOWS\System32\WINTRUST.dll
[0531/183052.836:ERROR:process_memory_win.cc(73)] ReadMemory at 0x7ffe59030000 of 64 bytes failed: Запрос ReadProcessMemory или WriteProcessMemory был выполнен только частично. (0x12B)
[0531/183052.836:WARNING:pe_image_reader.cc(340)] could not read dos header from C:\WINDOWS\System32\WINTRUST.dll
[0531/183052.836:ERROR:process_memory_win.cc(73)] ReadMemory at 0x7ffe58360000 of 64 bytes failed: Запрос ReadProcessMemory или WriteProcessMemory был выполнен только частично. (0x12B)
[0531/183052.836:WARNING:pe_image_reader.cc(340)] could not read dos header from C:\WINDOWS\System32\MSASN1.dll
[0531/183052.836:ERROR:process_memory_win.cc(73)] ReadMemory at 0x7ffe58360000 of 64 bytes failed: Запрос ReadProcessMemory или WriteProcessMemory был выполнен только частично. (0x12B)
[0531/183052.836:WARNING:pe_image_reader.cc(340)] could not read dos header from C:\WINDOWS\System32\MSASN1.dll
[0531/183052.836:ERROR:process_memory_win.cc(73)] ReadMemory at 0x7ffe59380000 of 64 bytes failed: Запрос ReadProcessMemory или WriteProcessMemory был выполнен только частично. (0x12B)
[0531/183052.836:WARNING:pe_image_reader.cc(340)] could not read dos header from C:\WINDOWS\System32\CRYPT32.dll
[0531/183052.836:ERROR:process_memory_win.cc(73)] ReadMemory at 0x7ffe59380000 of 64 bytes failed: Запрос ReadProcessMemory или WriteProcessMemory был выполнен только частично. (0x12B)
[0531/183052.836:WARNING:pe_image_reader.cc(340)] could not read dos header from C:\WINDOWS\System32\CRYPT32.dll
[0531/183052.836:ERROR:process_memory_win.cc(73)] ReadMemory at 0x7ffe57800000 of 64 bytes failed: Запрос ReadProcessMemory или WriteProcessMemory был выполнен только частично. (0x12B)
[0531/183052.836:WARNING:pe_image_reader.cc(340)] could not read dos header from C:\WINDOWS\SYSTEM32\IPHLPAPI.DLL
[0531/183052.837:ERROR:process_memory_win.cc(73)] ReadMemory at 0x7ffe57800000 of 64 bytes failed: Запрос ReadProcessMemory или WriteProcessMemory был выполнен только частично. (0x12B)
[0531/183052.837:WARNING:pe_image_reader.cc(340)] could not read dos header from C:\WINDOWS\SYSTEM32\IPHLPAPI.DLL
[0531/183052.837:ERROR:process_memory_win.cc(73)] ReadMemory at 0x7ffe55530000 of 64 bytes failed: Запрос ReadProcessMemory или WriteProcessMemory был выполнен только частично. (0x12B)
[0531/183052.837:WARNING:pe_image_reader.cc(340)] could not read dos header from C:\WINDOWS\SYSTEM32\WINMM.dll
[0531/183052.837:ERROR:process_memory_win.cc(73)] ReadMemory at 0x7ffe55530000 of 64 bytes failed: Запрос ReadProcessMemory или WriteProcessMemory был выполнен только частично. (0x12B)
[0531/183052.837:WARNING:pe_image_reader.cc(340)] could not read dos header from C:\WINDOWS\SYSTEM32\WINMM.dll
[0531/183052.837:ERROR:process_memory_win.cc(73)] ReadMemory at 0x7ffe460d0000 of 64 bytes failed: Запрос ReadProcessMemory или WriteProcessMemory был выполнен только частично. (0x12B)
[0531/183052.837:WARNING:pe_image_reader.cc(340)] could not read dos header from C:\WINDOWS\SYSTEM32\Secur32.dll
[0531/183052.837:ERROR:process_memory_win.cc(73)] ReadMemory at 0x7ffe460d0000 of 64 bytes failed: Запрос ReadProcessMemory или WriteProcessMemory был выполнен только частично. (0x12B)
[0531/183052.837:WARNING:pe_image_reader.cc(340)] could not read dos header from C:\WINDOWS\SYSTEM32\Secur32.dll
[0531/183052.837:ERROR:process_memory_win.cc(73)] ReadMemory at 0x7ffe58200000 of 64 bytes failed: Запрос ReadProcessMemory или WriteProcessMemory был выполнен только частично. (0x12B)
[0531/183052.837:WARNING:pe_image_reader.cc(340)] could not read dos header from C:\WINDOWS\SYSTEM32\USERENV.dll
[0531/183052.837:ERROR:process_memory_win.cc(73)] ReadMemory at 0x7ffe58200000 of 64 bytes failed: Запрос ReadProcessMemory или WriteProcessMemory был выполнен только частично. (0x12B)
[0531/183052.837:WARNING:pe_image_reader.cc(340)] could not read dos header from C:\WINDOWS\SYSTEM32\USERENV.dll
[0531/183052.837:ERROR:process_memory_win.cc(73)] ReadMemory at 0x7ffe58380000 of 64 bytes failed: Запрос ReadProcessMemory или WriteProcessMemory был выполнен только частично. (0x12B)
[0531/183052.837:WARNING:pe_image_reader.cc(340)] could not read dos header from C:\WINDOWS\System32\profapi.dll
[0531/183052.837:ERROR:process_memory_win.cc(73)] ReadMemory at 0x7ffe58380000 of 64 bytes failed: Запрос ReadProcessMemory или WriteProcessMemory был выполнен только частично. (0x12B)
[0531/183052.837:WARNING:pe_image_reader.cc(340)] could not read dos header from C:\WINDOWS\System32\profapi.dll
[0531/183052.837:ERROR:process_memory_win.cc(73)] ReadMemory at 0x7ffe423b0000 of 64 bytes failed: Запрос ReadProcessMemory или WriteProcessMemory был выполнен только частично. (0x12B)
[0531/183052.837:WARNING:pe_image_reader.cc(340)] could not read dos header from C:\WINDOWS\SYSTEM32\UIAutomationCore.DLL
[0531/183052.837:ERROR:process_memory_win.cc(73)] ReadMemory at 0x7ffe423b0000 of 64 bytes failed: Запрос ReadProcessMemory или WriteProcessMemory был выполнен только частично. (0x12B)
[0531/183052.837:WARNING:pe_image_reader.cc(340)] could not read dos header from C:\WINDOWS\SYSTEM32\UIAutomationCore.DLL
[0531/183052.837:ERROR:process_memory_win.cc(73)] ReadMemory at 0x7ffe56530000 of 64 bytes failed: Запрос ReadProcessMemory или WriteProcessMemory был выполнен только частично. (0x12B)
[0531/183052.837:WARNING:pe_image_reader.cc(340)] could not read dos header from C:\WINDOWS\SYSTEM32\DWrite.dll
[0531/183052.837:ERROR:process_memory_win.cc(73)] ReadMemory at 0x7ffe56530000 of 64 bytes failed: Запрос ReadProcessMemory или WriteProcessMemory был выполнен только частично. (0x12B)
[0531/183052.837:WARNING:pe_image_reader.cc(340)] could not read dos header from C:\WINDOWS\SYSTEM32\DWrite.dll
[0531/183052.837:ERROR:process_memory_win.cc(73)] ReadMemory at 0x7ffe51580000 of 64 bytes failed: Запрос ReadProcessMemory или WriteProcessMemory был выполнен только частично. (0x12B)
[0531/183052.837:WARNING:pe_image_reader.cc(340)] could not read dos header from C:\WINDOWS\SYSTEM32\WINSPOOL.DRV
[0531/183052.837:ERROR:process_memory_win.cc(73)] ReadMemory at 0x7ffe51580000 of 64 bytes failed: Запрос ReadProcessMemory или WriteProcessMemory был выполнен только частично. (0x12B)
[0531/183052.837:WARNING:pe_image_reader.cc(340)] could not read dos header from C:\WINDOWS\SYSTEM32\WINSPOOL.DRV
[0531/183052.837:ERROR:process_memory_win.cc(73)] ReadMemory at 0x7ffe582f0000 of 64 bytes failed: Запрос ReadProcessMemory или WriteProcessMemory был выполнен только частично. (0x12B)
[0531/183052.837:WARNING:pe_image_reader.cc(340)] could not read dos header from C:\WINDOWS\System32\kernel.appcore.dll
[0531/183052.837:ERROR:process_memory_win.cc(73)] ReadMemory at 0x7ffe582f0000 of 64 bytes failed: Запрос ReadProcessMemory или WriteProcessMemory был выполнен только частично. (0x12B)
[0531/183052.838:WARNING:pe_image_reader.cc(340)] could not read dos header from C:\WINDOWS\System32\kernel.appcore.dll
[0531/183052.838:ERROR:process_memory_win.cc(73)] ReadMemory at 0x7ffe58f00000 of 64 bytes failed: Запрос ReadProcessMemory или WriteProcessMemory был выполнен только частично. (0x12B)
[0531/183052.838:WARNING:pe_image_reader.cc(340)] could not read dos header from C:\WINDOWS\System32\bcrypt.dll
[0531/183052.838:ERROR:process_memory_win.cc(73)] ReadMemory at 0x7ffe58f00000 of 64 bytes failed: Запрос ReadProcessMemory или WriteProcessMemory был выполнен только частично. (0x12B)
[0531/183052.838:WARNING:pe_image_reader.cc(340)] could not read dos header from C:\WINDOWS\System32\bcrypt.dll
[0531/183052.838:ERROR:process_memory_win.cc(73)] ReadMemory at 0x7ffe56a60000 of 64 bytes failed: Запрос ReadProcessMemory или WriteProcessMemory был выполнен только частично. (0x12B)
[0531/183052.838:WARNING:pe_image_reader.cc(340)] could not read dos header from C:\WINDOWS\SYSTEM32\dbghelp.dll
[0531/183052.838:ERROR:process_memory_win.cc(73)] ReadMemory at 0x7ffe56a60000 of 64 bytes failed: Запрос ReadProcessMemory или WriteProcessMemory был выполнен только частично. (0x12B)
[0531/183052.838:WARNING:pe_image_reader.cc(340)] could not read dos header from C:\WINDOWS\SYSTEM32\dbghelp.dll
[0531/183052.838:ERROR:process_memory_win.cc(73)] ReadMemory at 0x7ffe50350000 of 64 bytes failed: Запрос ReadProcessMemory или WriteProcessMemory был выполнен только частично. (0x12B)
[0531/183052.838:WARNING:pe_image_reader.cc(340)] could not read dos header from C:\WINDOWS\SYSTEM32\WINHTTP.dll
[0531/183052.838:ERROR:process_memory_win.cc(73)] ReadMemory at 0x7ffe50350000 of 64 bytes failed: Запрос ReadProcessMemory или WriteProcessMemory был выполнен только частично. (0x12B)
[0531/183052.838:WARNING:pe_image_reader.cc(340)] could not read dos header from C:\WINDOWS\SYSTEM32\WINHTTP.dll
[0531/183052.838:ERROR:process_memory_win.cc(73)] ReadMemory at 0x7ffe52710000 of 64 bytes failed: Запрос ReadProcessMemory или WriteProcessMemory был выполнен только частично. (0x12B)
[0531/183052.838:WARNING:pe_image_reader.cc(340)] could not read dos header from C:\WINDOWS\SYSTEM32\dhcpcsvc.DLL
[0531/183052.838:ERROR:process_memory_win.cc(73)] ReadMemory at 0x7ffe52710000 of 64 bytes failed: Запрос ReadProcessMemory или WriteProcessMemory был выполнен только частично. (0x12B)
[0531/183052.838:WARNING:pe_image_reader.cc(340)] could not read dos header from C:\WINDOWS\SYSTEM32\dhcpcsvc.DLL
[0531/183052.838:ERROR:process_memory_win.cc(73)] ReadMemory at 0x7ffe5ae80000 of 64 bytes failed: Запрос ReadProcessMemory или WriteProcessMemory был выполнен только частично. (0x12B)
[0531/183052.838:WARNING:pe_image_reader.cc(340)] could not read dos header from C:\WINDOWS\System32\NSI.dll
[0531/183052.838:ERROR:process_memory_win.cc(73)] ReadMemory at 0x7ffe5ae80000 of 64 bytes failed: Запрос ReadProcessMemory или WriteProcessMemory был выполнен только частично. (0x12B)
[0531/183052.838:WARNING:pe_image_reader.cc(340)] could not read dos header from C:\WINDOWS\System32\NSI.dll
[0531/183052.838:ERROR:process_memory_win.cc(73)] ReadMemory at 0x7ffe55500000 of 64 bytes failed: Запрос ReadProcessMemory или WriteProcessMemory был выполнен только частично. (0x12B)
[0531/183052.838:WARNING:pe_image_reader.cc(340)] could not read dos header from C:\WINDOWS\SYSTEM32\WINMMBASE.dll
[0531/183052.838:ERROR:process_memory_win.cc(73)] ReadMemory at 0x7ffe55500000 of 64 bytes failed: Запрос ReadProcessMemory или WriteProcessMemory был выполнен только частично. (0x12B)
[0531/183052.838:WARNING:pe_image_reader.cc(340)] could not read dos header from C:\WINDOWS\SYSTEM32\WINMMBASE.dll
[0531/183052.838:ERROR:process_memory_win.cc(73)] ReadMemory at 0x7ffe583e0000 of 64 bytes failed: Запрос ReadProcessMemory или WriteProcessMemory был выполнен только частично. (0x12B)
[0531/183052.838:WARNING:pe_image_reader.cc(340)] could not read dos header from C:\WINDOWS\System32\cfgmgr32.dll
[0531/183052.838:ERROR:process_memory_win.cc(73)] ReadMemory at 0x7ffe583e0000 of 64 bytes failed: Запрос ReadProcessMemory или WriteProcessMemory был выполнен только частично. (0x12B)
[0531/183052.838:WARNING:pe_image_reader.cc(340)] could not read dos header from C:\WINDOWS\System32\cfgmgr32.dll
[0531/183052.838:ERROR:process_memory_win.cc(73)] ReadMemory at 0x7ffe54170000 of 64 bytes failed: Запрос ReadProcessMemory или WriteProcessMemory был выполнен только частично. (0x12B)
[0531/183052.838:WARNING:pe_image_reader.cc(340)] could not read dos header from C:\WINDOWS\SYSTEM32\PROPSYS.dll
[0531/183052.838:ERROR:process_memory_win.cc(73)] ReadMemory at 0x7ffe54170000 of 64 bytes failed: Запрос ReadProcessMemory или WriteProcessMemory был выполнен только частично. (0x12B)
[0531/183052.838:WARNING:pe_image_reader.cc(340)] could not read dos header from C:\WINDOWS\SYSTEM32\PROPSYS.dll
[0531/183052.838:ERROR:process_memory_win.cc(73)] ReadMemory at 0x7ffe5ae90000 of 64 bytes failed: Запрос ReadProcessMemory или WriteProcessMemory был выполнен только частично. (0x12B)
[0531/183052.838:WARNING:pe_image_reader.cc(340)] could not read dos header from C:\WINDOWS\System32\shcore.dll
[0531/183052.838:ERROR:process_memory_win.cc(73)] ReadMemory at 0x7ffe5ae90000 of 64 bytes failed: Запрос ReadProcessMemory или WriteProcessMemory был выполнен только частично. (0x12B)
[0531/183052.838:WARNING:pe_image_reader.cc(340)] could not read dos header from C:\WINDOWS\System32\shcore.dll
[0531/183052.838:ERROR:process_memory_win.cc(73)] ReadMemory at 0x7ffe581d0000 of 64 bytes failed: Запрос ReadProcessMemory или WriteProcessMemory был выполнен только частично. (0x12B)
[0531/183052.838:WARNING:pe_image_reader.cc(340)] could not read dos header from C:\WINDOWS\SYSTEM32\SSPICLI.DLL
[0531/183052.838:ERROR:process_memory_win.cc(73)] ReadMemory at 0x7ffe581d0000 of 64 bytes failed: Запрос ReadProcessMemory или WriteProcessMemory был выполнен только частично. (0x12B)
[0531/183052.838:WARNING:pe_image_reader.cc(340)] could not read dos header from C:\WINDOWS\SYSTEM32\SSPICLI.DLL
[0531/183052.838:ERROR:process_memory_win.cc(73)] ReadMemory at 0x7ffe57cc0000 of 64 bytes failed: Запрос ReadProcessMemory или WriteProcessMemory был выполнен только частично. (0x12B)
[0531/183052.839:WARNING:pe_image_reader.cc(340)] could not read dos header from C:\WINDOWS\SYSTEM32\CRYPTBASE.DLL
[0531/183052.839:ERROR:process_memory_win.cc(73)] ReadMemory at 0x7ffe57cc0000 of 64 bytes failed: Запрос ReadProcessMemory или WriteProcessMemory был выполнен только частично. (0x12B)
[0531/183052.839:WARNING:pe_image_reader.cc(340)] could not read dos header from C:\WINDOWS\SYSTEM32\CRYPTBASE.DLL
[0531/183052.869:ERROR:process_memory_win.cc(73)] ReadMemory at 0x7ff7ab960000 of 64 bytes failed: Запрос ReadProcessMemory или WriteProcessMemory был выполнен только частично. (0x12B)
[0531/183052.869:WARNING:pe_image_reader.cc(340)] could not read dos header from C:\Program Files (x86)\Google\Chrome\Application\chrome.exe
[0531/183052.870:ERROR:process_memory_win.cc(73)] ReadMemory at 0x7ffe5b420000 of 64 bytes failed: Запрос ReadProcessMemory или WriteProcessMemory был выполнен только частично. (0x12B)
[0531/183052.870:WARNING:pe_image_reader.cc(340)] could not read dos header from C:\WINDOWS\SYSTEM32\ntdll.dll
[0531/183052.870:ERROR:process_memory_win.cc(73)] ReadMemory at 0x7ffe5ada0000 of 64 bytes failed: Запрос ReadProcessMemory или WriteProcessMemory был выполнен только частично. (0x12B)
[0531/183052.870:WARNING:pe_image_reader.cc(340)] could not read dos header from C:\WINDOWS\System32\KERNEL32.DLL
[0531/183052.870:ERROR:process_memory_win.cc(73)] ReadMemory at 0x7ffe58c50000 of 64 bytes failed: Запрос ReadProcessMemory или WriteProcessMemory был выполнен только частично. (0x12B)
[0531/183052.870:WARNING:pe_image_reader.cc(340)] could not read dos header from C:\WINDOWS\System32\KERNELBASE.dll
[0531/183052.870:ERROR:process_memory_win.cc(73)] ReadMemory at 0x7ffe326c0000 of 64 bytes failed: Запрос ReadProcessMemory или WriteProcessMemory был выполнен только частично. (0x12B)
[0531/183052.870:WARNING:pe_image_reader.cc(340)] could not read dos header from C:\Program Files (x86)\Google\Chrome\Application\83.0.4103.61\chrome_elf.dll
[0531/183052.870:ERROR:process_memory_win.cc(73)] ReadMemory at 0x7ffe51880000 of 64 bytes failed: Запрос ReadProcessMemory или WriteProcessMemory был выполнен только частично. (0x12B)
[0531/183052.870:WARNING:pe_image_reader.cc(340)] could not read dos header from C:\WINDOWS\SYSTEM32\VERSION.dll
[0531/183052.870:ERROR:process_memory_win.cc(73)] ReadMemory at 0x7ffe5a7b0000 of 64 bytes failed: Запрос ReadProcessMemory или WriteProcessMemory был выполнен только частично. (0x12B)
[0531/183052.870:WARNING:pe_image_reader.cc(340)] could not read dos header from C:\WINDOWS\System32\msvcrt.dll
[0531/183052.870:ERROR:process_memory_win.cc(73)] ReadMemory at 0x7ffe59300000 of 64 bytes failed: Запрос ReadProcessMemory или WriteProcessMemory был выполнен только частично. (0x12B)
[0531/183052.870:WARNING:pe_image_reader.cc(340)] could not read dos header from C:\WINDOWS\System32\bcryptPrimitives.dll
[0531/183052.870:ERROR:process_memory_win.cc(73)] ReadMemory at 0x7ffe5a970000 of 64 bytes failed: Запрос ReadProcessMemory или WriteProcessMemory был выполнен только частично. (0x12B)
[0531/183052.870:WARNING:pe_image_reader.cc(340)] could not read dos header from C:\WINDOWS\System32\ADVAPI32.dll
[0531/183052.870:ERROR:process_memory_win.cc(73)] ReadMemory at 0x7ffe59880000 of 64 bytes failed: Запрос ReadProcessMemory или WriteProcessMemory был выполнен только частично. (0x12B)
[0531/183052.870:WARNING:pe_image_reader.cc(340)] could not read dos header from C:\WINDOWS\System32\sechost.dll
[0531/183052.870:ERROR:process_memory_win.cc(73)] ReadMemory at 0x7ffe5a850000 of 64 bytes failed: Запрос ReadProcessMemory или WriteProcessMemory был выполнен только частично. (0x12B)
[0531/183052.870:WARNING:pe_image_reader.cc(340)] could not read dos header from C:\WINDOWS\System32\RPCRT4.dll
[0531/183052.870:ERROR:process_memory_win.cc(73)] ReadMemory at 0x7ffe0a7d0000 of 64 bytes failed: Запрос ReadProcessMemory или WriteProcessMemory был выполнен только частично. (0x12B)
[0531/183052.870:WARNING:pe_image_reader.cc(340)] could not read dos header from C:\Program Files (x86)\Google\Chrome\Application\83.0.4103.61\chrome.dll
[0531/183052.870:ERROR:process_memory_win.cc(73)] ReadMemory at 0x7ffe5a730000 of 64 bytes failed: Запрос ReadProcessMemory или WriteProcessMemory был выполнен только частично. (0x12B)
[0531/183052.870:WARNING:pe_image_reader.cc(340)] could not read dos header from C:\WINDOWS\System32\WS2_32.dll
[0531/183052.870:ERROR:process_memory_win.cc(73)] ReadMemory at 0x7ffe59730000 of 64 bytes failed: Запрос ReadProcessMemory или WriteProcessMemory был выполнен только частично. (0x12B)
[0531/183052.870:WARNING:pe_image_reader.cc(340)] could not read dos header from C:\WINDOWS\System32\OLEAUT32.dll
[0531/183052.870:ERROR:process_memory_win.cc(73)] ReadMemory at 0x7ffe58430000 of 64 bytes failed: Запрос ReadProcessMemory или WriteProcessMemory был выполнен только частично. (0x12B)
[0531/183052.870:WARNING:pe_image_reader.cc(340)] could not read dos header from C:\WINDOWS\System32\msvcp_win.dll
[0531/183052.870:ERROR:process_memory_win.cc(73)] ReadMemory at 0x7ffe58f30000 of 64 bytes failed: Запрос ReadProcessMemory или WriteProcessMemory был выполнен только частично. (0x12B)
[0531/183052.870:WARNING:pe_image_reader.cc(340)] could not read dos header from C:\WINDOWS\System32\ucrtbase.dll
[0531/183052.870:ERROR:process_memory_win.cc(73)] ReadMemory at 0x7ffe59b40000 of 64 bytes failed: Запрос ReadProcessMemory или WriteProcessMemory был выполнен только частично. (0x12B)
[0531/183052.870:WARNING:pe_image_reader.cc(340)] could not read dos header from C:\WINDOWS\System32\combase.dll
[0531/183052.870:ERROR:process_memory_win.cc(73)] ReadMemory at 0x7ffe59030000 of 64 bytes failed: Запрос ReadProcessMemory или WriteProcessMemory был выполнен только частично. (0x12B)
[0531/183052.870:WARNING:pe_image_reader.cc(340)] could not read dos header from C:\WINDOWS\System32\WINTRUST.dll
[0531/183052.870:ERROR:process_memory_win.cc(73)] ReadMemory at 0x7ffe58360000 of 64 bytes failed: Запрос ReadProcessMemory или WriteProcessMemory был выполнен только частично. (0x12B)
[0531/183052.870:WARNING:pe_image_reader.cc(340)] could not read dos header from C:\WINDOWS\System32\MSASN1.dll
[0531/183052.870:ERROR:process_memory_win.cc(73)] ReadMemory at 0x7ffe59380000 of 64 bytes failed: Запрос ReadProcessMemory или WriteProcessMemory был выполнен только частично. (0x12B)
[0531/183052.871:WARNING:pe_image_reader.cc(340)] could not read dos header from C:\WINDOWS\System32\CRYPT32.dll
[0531/183052.871:ERROR:process_memory_win.cc(73)] ReadMemory at 0x7ffe57800000 of 64 bytes failed: Запрос ReadProcessMemory или WriteProcessMemory был выполнен только частично. (0x12B)
[0531/183052.871:WARNING:pe_image_reader.cc(340)] could not read dos header from C:\WINDOWS\SYSTEM32\IPHLPAPI.DLL
[0531/183052.871:ERROR:process_memory_win.cc(73)] ReadMemory at 0x7ffe55530000 of 64 bytes failed: Запрос ReadProcessMemory или WriteProcessMemory был выполнен только частично. (0x12B)
[0531/183052.871:WARNING:pe_image_reader.cc(340)] could not read dos header from C:\WINDOWS\SYSTEM32\WINMM.dll
[0531/183052.871:ERROR:process_memory_win.cc(73)] ReadMemory at 0x7ffe460d0000 of 64 bytes failed: Запрос ReadProcessMemory или WriteProcessMemory был выполнен только частично. (0x12B)
[0531/183052.871:WARNING:pe_image_reader.cc(340)] could not read dos header from C:\WINDOWS\SYSTEM32\Secur32.dll
[0531/183052.871:ERROR:process_memory_win.cc(73)] ReadMemory at 0x7ffe58200000 of 64 bytes failed: Запрос ReadProcessMemory или WriteProcessMemory был выполнен только частично. (0x12B)
[0531/183052.871:WARNING:pe_image_reader.cc(340)] could not read dos header from C:\WINDOWS\SYSTEM32\USERENV.dll
[0531/183052.871:ERROR:process_memory_win.cc(73)] ReadMemory at 0x7ffe58380000 of 64 bytes failed: Запрос ReadProcessMemory или WriteProcessMemory был выполнен только частично. (0x12B)
[0531/183052.871:WARNING:pe_image_reader.cc(340)] could not read dos header from C:\WINDOWS\System32\profapi.dll
[0531/183052.871:ERROR:process_memory_win.cc(73)] ReadMemory at 0x7ffe423b0000 of 64 bytes failed: Запрос ReadProcessMemory или WriteProcessMemory был выполнен только частично. (0x12B)
[0531/183052.871:WARNING:pe_image_reader.cc(340)] could not read dos header from C:\WINDOWS\SYSTEM32\UIAutomationCore.DLL
[0531/183052.871:ERROR:process_memory_win.cc(73)] ReadMemory at 0x7ffe56530000 of 64 bytes failed: Запрос ReadProcessMemory или WriteProcessMemory был выполнен только частично. (0x12B)
[0531/183052.871:WARNING:pe_image_reader.cc(340)] could not read dos header from C:\WINDOWS\SYSTEM32\DWrite.dll
[0531/183052.871:ERROR:process_memory_win.cc(73)] ReadMemory at 0x7ffe51580000 of 64 bytes failed: Запрос ReadProcessMemory или WriteProcessMemory был выполнен только частично. (0x12B)
[0531/183052.871:WARNING:pe_image_reader.cc(340)] could not read dos header from C:\WINDOWS\SYSTEM32\WINSPOOL.DRV
[0531/183052.871:ERROR:process_memory_win.cc(73)] ReadMemory at 0x7ffe582f0000 of 64 bytes failed: Запрос ReadProcessMemory или WriteProcessMemory был выполнен только частично. (0x12B)
[0531/183052.884:WARNING:pe_image_reader.cc(340)] could not read dos header from C:\WINDOWS\System32\kernel.appcore.dll
[0531/183052.884:ERROR:process_memory_win.cc(73)] ReadMemory at 0x7ffe58f00000 of 64 bytes failed: Запрос ReadProcessMemory или WriteProcessMemory был выполнен только частично. (0x12B)
[0531/183052.884:WARNING:pe_image_reader.cc(340)] could not read dos header from C:\WINDOWS\System32\bcrypt.dll
[0531/183052.884:ERROR:process_memory_win.cc(73)] ReadMemory at 0x7ffe56a60000 of 64 bytes failed: Запрос ReadProcessMemory или WriteProcessMemory был выполнен только частично. (0x12B)
[0531/183052.884:WARNING:pe_image_reader.cc(340)] could not read dos header from C:\WINDOWS\SYSTEM32\dbghelp.dll
[0531/183052.884:ERROR:process_memory_win.cc(73)] ReadMemory at 0x7ffe50350000 of 64 bytes failed: Запрос ReadProcessMemory или WriteProcessMemory был выполнен только частично. (0x12B)
[0531/183052.884:WARNING:pe_image_reader.cc(340)] could not read dos header from C:\WINDOWS\SYSTEM32\WINHTTP.dll
[0531/183052.884:ERROR:process_memory_win.cc(73)] ReadMemory at 0x7ffe52710000 of 64 bytes failed: Запрос ReadProcessMemory или WriteProcessMemory был выполнен только частично. (0x12B)
[0531/183052.884:WARNING:pe_image_reader.cc(340)] could not read dos header from C:\WINDOWS\SYSTEM32\dhcpcsvc.DLL
[0531/183052.884:ERROR:process_memory_win.cc(73)] ReadMemory at 0x7ffe5ae80000 of 64 bytes failed: Запрос ReadProcessMemory или WriteProcessMemory был выполнен только частично. (0x12B)
[0531/183052.884:WARNING:pe_image_reader.cc(340)] could not read dos header from C:\WINDOWS\System32\NSI.dll
[0531/183052.885:ERROR:process_memory_win.cc(73)] ReadMemory at 0x7ffe55500000 of 64 bytes failed: Запрос ReadProcessMemory или WriteProcessMemory был выполнен только частично. (0x12B)
[0531/183052.885:WARNING:pe_image_reader.cc(340)] could not read dos header from C:\WINDOWS\SYSTEM32\WINMMBASE.dll
[0531/183052.885:ERROR:process_memory_win.cc(73)] ReadMemory at 0x7ffe583e0000 of 64 bytes failed: Запрос ReadProcessMemory или WriteProcessMemory был выполнен только частично. (0x12B)
[0531/183052.885:WARNING:pe_image_reader.cc(340)] could not read dos header from C:\WINDOWS\System32\cfgmgr32.dll
[0531/183052.885:ERROR:process_memory_win.cc(73)] ReadMemory at 0x7ffe54170000 of 64 bytes failed: Запрос ReadProcessMemory или WriteProcessMemory был выполнен только частично. (0x12B)
[0531/183052.885:WARNING:pe_image_reader.cc(340)] could not read dos header from C:\WINDOWS\SYSTEM32\PROPSYS.dll
[0531/183052.885:ERROR:process_memory_win.cc(73)] ReadMemory at 0x7ffe5ae90000 of 64 bytes failed: Запрос ReadProcessMemory или WriteProcessMemory был выполнен только частично. (0x12B)
[0531/183052.885:WARNING:pe_image_reader.cc(340)] could not read dos header from C:\WINDOWS\System32\shcore.dll
[0531/183052.885:ERROR:process_memory_win.cc(73)] ReadMemory at 0x7ffe581d0000 of 64 bytes failed: Запрос ReadProcessMemory или WriteProcessMemory был выполнен только частично. (0x12B)
[0531/183052.885:WARNING:pe_image_reader.cc(340)] could not read dos header from C:\WINDOWS\SYSTEM32\SSPICLI.DLL
[0531/183052.885:ERROR:process_memory_win.cc(73)] ReadMemory at 0x7ffe57cc0000 of 64 bytes failed: Запрос ReadProcessMemory или WriteProcessMemory был выполнен только частично. (0x12B)
[0531/183052.885:WARNING:pe_image_reader.cc(340)] could not read dos header from C:\WINDOWS\SYSTEM32\CRYPTBASE.DLL
[0531/183052.892:ERROR:process_memory_win.cc(73)] ReadMemory at 0x7ff7ab960000 of 64 bytes failed: Запрос ReadProcessMemory или WriteProcessMemory был выполнен только частично. (0x12B)
[0531/183052.892:WARNING:pe_image_reader.cc(340)] could not read dos header from C:\Program Files (x86)\Google\Chrome\Application\chrome.exe
[0531/183052.892:ERROR:process_memory_win.cc(73)] ReadMemory at 0x7ffe5b420000 of 64 bytes failed: Запрос ReadProcessMemory или WriteProcessMemory был выполнен только частично. (0x12B)
[0531/183052.892:WARNING:pe_image_reader.cc(340)] could not read dos header from C:\WINDOWS\SYSTEM32\ntdll.dll
[0531/183052.892:ERROR:process_memory_win.cc(73)] ReadMemory at 0x7ffe5ada0000 of 64 bytes failed: Запрос ReadProcessMemory или WriteProcessMemory был выполнен только частично. (0x12B)
[0531/183052.892:WARNING:pe_image_reader.cc(340)] could not read dos header from C:\WINDOWS\System32\KERNEL32.DLL
[0531/183052.892:ERROR:process_memory_win.cc(73)] ReadMemory at 0x7ffe58c50000 of 64 bytes failed: Запрос ReadProcessMemory или WriteProcessMemory был выполнен только частично. (0x12B)
[0531/183052.892:WARNING:pe_image_reader.cc(340)] could not read dos header from C:\WINDOWS\System32\KERNELBASE.dll
[0531/183052.892:ERROR:process_memory_win.cc(73)] ReadMemory at 0x7ffe326c0000 of 64 bytes failed: Запрос ReadProcessMemory или WriteProcessMemory был выполнен только частично. (0x12B)
[0531/183052.892:WARNING:pe_image_reader.cc(340)] could not read dos header from C:\Program Files (x86)\Google\Chrome\Application\83.0.4103.61\chrome_elf.dll
[0531/183052.892:ERROR:process_memory_win.cc(73)] ReadMemory at 0x7ffe51880000 of 64 bytes failed: Запрос ReadProcessMemory или WriteProcessMemory был выполнен только частично. (0x12B)
[0531/183052.892:WARNING:pe_image_reader.cc(340)] could not read dos header from C:\WINDOWS\SYSTEM32\VERSION.dll
[0531/183052.892:ERROR:process_memory_win.cc(73)] ReadMemory at 0x7ffe5a7b0000 of 64 bytes failed: Запрос ReadProcessMemory или WriteProcessMemory был выполнен только частично. (0x12B)
[0531/183052.892:WARNING:pe_image_reader.cc(340)] could not read dos header from C:\WINDOWS\System32\msvcrt.dll
[0531/183052.892:ERROR:process_memory_win.cc(73)] ReadMemory at 0x7ffe59300000 of 64 bytes failed: Запрос ReadProcessMemory или WriteProcessMemory был выполнен только частично. (0x12B)
[0531/183052.892:WARNING:pe_image_reader.cc(340)] could not read dos header from C:\WINDOWS\System32\bcryptPrimitives.dll
[0531/183052.892:ERROR:process_memory_win.cc(73)] ReadMemory at 0x7ffe5a970000 of 64 bytes failed: Запрос ReadProcessMemory или WriteProcessMemory был выполнен только частично. (0x12B)
[0531/183052.892:WARNING:pe_image_reader.cc(340)] could not read dos header from C:\WINDOWS\System32\ADVAPI32.dll
[0531/183052.892:ERROR:process_memory_win.cc(73)] ReadMemory at 0x7ffe59880000 of 64 bytes failed: Запрос ReadProcessMemory или WriteProcessMemory был выполнен только частично. (0x12B)
[0531/183052.892:WARNING:pe_image_reader.cc(340)] could not read dos header from C:\WINDOWS\System32\sechost.dll
[0531/183052.892:ERROR:process_memory_win.cc(73)] ReadMemory at 0x7ffe5a850000 of 64 bytes failed: Запрос ReadProcessMemory или WriteProcessMemory был выполнен только частично. (0x12B)
[0531/183052.892:WARNING:pe_image_reader.cc(340)] could not read dos header from C:\WINDOWS\System32\RPCRT4.dll
[0531/183052.892:ERROR:process_memory_win.cc(73)] ReadMemory at 0x7ffe0a7d0000 of 64 bytes failed: Запрос ReadProcessMemory или WriteProcessMemory был выполнен только частично. (0x12B)
[0531/183052.892:WARNING:pe_image_reader.cc(340)] could not read dos header from C:\Program Files (x86)\Google\Chrome\Application\83.0.4103.61\chrome.dll
[0531/183052.892:ERROR:process_memory_win.cc(73)] ReadMemory at 0x7ffe5a730000 of 64 bytes failed: Запрос ReadProcessMemory или WriteProcessMemory был выполнен только частично. (0x12B)
[0531/183052.892:WARNING:pe_image_reader.cc(340)] could not read dos header from C:\WINDOWS\System32\WS2_32.dll
[0531/183052.892:ERROR:process_memory_win.cc(73)] ReadMemory at 0x7ffe59730000 of 64 bytes failed: Запрос ReadProcessMemory или WriteProcessMemory был выполнен только частично. (0x12B)
[0531/183052.892:WARNING:pe_image_reader.cc(340)] could not read dos header from C:\WINDOWS\System32\OLEAUT32.dll
[0531/183052.893:ERROR:process_memory_win.cc(73)] ReadMemory at 0x7ffe58430000 of 64 bytes failed: Запрос ReadProcessMemory или WriteProcessMemory был выполнен только частично. (0x12B)
[0531/183052.893:WARNING:pe_image_reader.cc(340)] could not read dos header from C:\WINDOWS\System32\msvcp_win.dll
[0531/183052.893:ERROR:process_memory_win.cc(73)] ReadMemory at 0x7ffe58f30000 of 64 bytes failed: Запрос ReadProcessMemory или WriteProcessMemory был выполнен только частично. (0x12B)
[0531/183052.893:WARNING:pe_image_reader.cc(340)] could not read dos header from C:\WINDOWS\System32\ucrtbase.dll
[0531/183052.893:ERROR:process_memory_win.cc(73)] ReadMemory at 0x7ffe59b40000 of 64 bytes failed: Запрос ReadProcessMemory или WriteProcessMemory был выполнен только частично. (0x12B)
[0531/183052.893:WARNING:pe_image_reader.cc(340)] could not read dos header from C:\WINDOWS\System32\combase.dll
[0531/183052.893:ERROR:process_memory_win.cc(73)] ReadMemory at 0x7ffe59030000 of 64 bytes failed: Запрос ReadProcessMemory или WriteProcessMemory был выполнен только частично. (0x12B)
[0531/183052.893:WARNING:pe_image_reader.cc(340)] could not read dos header from C:\WINDOWS\System32\WINTRUST.dll
[0531/183052.893:ERROR:process_memory_win.cc(73)] ReadMemory at 0x7ffe58360000 of 64 bytes failed: Запрос ReadProcessMemory или WriteProcessMemory был выполнен только частично. (0x12B)
[0531/183052.893:WARNING:pe_image_reader.cc(340)] could not read dos header from C:\WINDOWS\System32\MSASN1.dll
[0531/183052.893:ERROR:process_memory_win.cc(73)] ReadMemory at 0x7ffe59380000 of 64 bytes failed: Запрос ReadProcessMemory или WriteProcessMemory был выполнен только частично. (0x12B)
[0531/183052.893:WARNING:pe_image_reader.cc(340)] could not read dos header from C:\WINDOWS\System32\CRYPT32.dll
[0531/183052.893:ERROR:process_memory_win.cc(73)] ReadMemory at 0x7ffe57800000 of 64 bytes failed: Запрос ReadProcessMemory или WriteProcessMemory был выполнен только частично. (0x12B)
[0531/183052.893:WARNING:pe_image_reader.cc(340)] could not read dos header from C:\WINDOWS\SYSTEM32\IPHLPAPI.DLL
[0531/183052.893:ERROR:process_memory_win.cc(73)] ReadMemory at 0x7ffe55530000 of 64 bytes failed: Запрос ReadProcessMemory или WriteProcessMemory был выполнен только частично. (0x12B)
[0531/183052.893:WARNING:pe_image_reader.cc(340)] could not read dos header from C:\WINDOWS\SYSTEM32\WINMM.dll
[0531/183052.893:ERROR:process_memory_win.cc(73)] ReadMemory at 0x7ffe460d0000 of 64 bytes failed: Запрос ReadProcessMemory или WriteProcessMemory был выполнен только частично. (0x12B)
[0531/183052.893:WARNING:pe_image_reader.cc(340)] could not read dos header from C:\WINDOWS\SYSTEM32\Secur32.dll
[0531/183052.893:ERROR:process_memory_win.cc(73)] ReadMemory at 0x7ffe58200000 of 64 bytes failed: Запрос ReadProcessMemory или WriteProcessMemory был выполнен только частично. (0x12B)
[0531/183052.893:WARNING:pe_image_reader.cc(340)] could not read dos header from C:\WINDOWS\SYSTEM32\USERENV.dll
[0531/183052.893:ERROR:process_memory_win.cc(73)] ReadMemory at 0x7ffe58380000 of 64 bytes failed: Запрос ReadProcessMemory или WriteProcessMemory был выполнен только частично. (0x12B)
[0531/183052.893:WARNING:pe_image_reader.cc(340)] could not read dos header from C:\WINDOWS\System32\profapi.dll
[0531/183052.893:ERROR:process_memory_win.cc(73)] ReadMemory at 0x7ffe423b0000 of 64 bytes failed: Запрос ReadProcessMemory или WriteProcessMemory был выполнен только частично. (0x12B)
[0531/183052.893:WARNING:pe_image_reader.cc(340)] could not read dos header from C:\WINDOWS\SYSTEM32\UIAutomationCore.DLL
[0531/183052.893:ERROR:process_memory_win.cc(73)] ReadMemory at 0x7ffe56530000 of 64 bytes failed: Запрос ReadProcessMemory или WriteProcessMemory был выполнен только частично. (0x12B)
[0531/183052.893:WARNING:pe_image_reader.cc(340)] could not read dos header from C:\WINDOWS\SYSTEM32\DWrite.dll
[0531/183052.893:ERROR:process_memory_win.cc(73)] ReadMemory at 0x7ffe51580000 of 64 bytes failed: Запрос ReadProcessMemory или WriteProcessMemory был выполнен только частично. (0x12B)
[0531/183052.893:WARNING:pe_image_reader.cc(340)] could not read dos header from C:\WINDOWS\SYSTEM32\WINSPOOL.DRV
[0531/183052.893:ERROR:process_memory_win.cc(73)] ReadMemory at 0x7ffe582f0000 of 64 bytes failed: Запрос ReadProcessMemory или WriteProcessMemory был выполнен только частично. (0x12B)
[0531/183052.893:WARNING:pe_image_reader.cc(340)] could not read dos header from C:\WINDOWS\System32\kernel.appcore.dll
[0531/183052.893:ERROR:process_memory_win.cc(73)] ReadMemory at 0x7ffe58f00000 of 64 bytes failed: Запрос ReadProcessMemory или WriteProcessMemory был выполнен только частично. (0x12B)
[0531/183052.893:WARNING:pe_image_reader.cc(340)] could not read dos header from C:\WINDOWS\System32\bcrypt.dll
[0531/183052.893:ERROR:process_memory_win.cc(73)] ReadMemory at 0x7ffe56a60000 of 64 bytes failed: Запрос ReadProcessMemory или WriteProcessMemory был выполнен только частично. (0x12B)
[0531/183052.893:WARNING:pe_image_reader.cc(340)] could not read dos header from C:\WINDOWS\SYSTEM32\dbghelp.dll
[0531/183052.893:ERROR:process_memory_win.cc(73)] ReadMemory at 0x7ffe50350000 of 64 bytes failed: Запрос ReadProcessMemory или WriteProcessMemory был выполнен только частично. (0x12B)
[0531/183052.893:WARNING:pe_image_reader.cc(340)] could not read dos header from C:\WINDOWS\SYSTEM32\WINHTTP.dll
[0531/183052.894:ERROR:process_memory_win.cc(73)] ReadMemory at 0x7ffe52710000 of 64 bytes failed: Запрос ReadProcessMemory или WriteProcessMemory был выполнен только частично. (0x12B)
[0531/183052.894:WARNING:pe_image_reader.cc(340)] could not read dos header from C:\WINDOWS\SYSTEM32\dhcpcsvc.DLL
[0531/183052.894:ERROR:process_memory_win.cc(73)] ReadMemory at 0x7ffe5ae80000 of 64 bytes failed: Запрос ReadProcessMemory или WriteProcessMemory был выполнен только частично. (0x12B)
[0531/183052.894:WARNING:pe_image_reader.cc(340)] could not read dos header from C:\WINDOWS\System32\NSI.dll
[0531/183052.894:ERROR:process_memory_win.cc(73)] ReadMemory at 0x7ffe55500000 of 64 bytes failed: Запрос ReadProcessMemory или WriteProcessMemory был выполнен только частично. (0x12B)
[0531/183052.894:WARNING:pe_image_reader.cc(340)] could not read dos header from C:\WINDOWS\SYSTEM32\WINMMBASE.dll
[0531/183052.894:ERROR:process_memory_win.cc(73)] ReadMemory at 0x7ffe583e0000 of 64 bytes failed: Запрос ReadProcessMemory или WriteProcessMemory был выполнен только частично. (0x12B)
[0531/183052.894:WARNING:pe_image_reader.cc(340)] could not read dos header from C:\WINDOWS\System32\cfgmgr32.dll
[0531/183052.894:ERROR:process_memory_win.cc(73)] ReadMemory at 0x7ffe54170000 of 64 bytes failed: Запрос ReadProcessMemory или WriteProcessMemory был выполнен только частично. (0x12B)
[0531/183052.894:WARNING:pe_image_reader.cc(340)] could not read dos header from C:\WINDOWS\SYSTEM32\PROPSYS.dll
[0531/183052.894:ERROR:process_memory_win.cc(73)] ReadMemory at 0x7ffe5ae90000 of 64 bytes failed: Запрос ReadProcessMemory или WriteProcessMemory был выполнен только частично. (0x12B)
[0531/183052.894:WARNING:pe_image_reader.cc(340)] could not read dos header from C:\WINDOWS\System32\shcore.dll
[0531/183052.894:ERROR:process_memory_win.cc(73)] ReadMemory at 0x7ffe581d0000 of 64 bytes failed: Запрос ReadProcessMemory или WriteProcessMemory был выполнен только частично. (0x12B)
[0531/183052.894:WARNING:pe_image_reader.cc(340)] could not read dos header from C:\WINDOWS\SYSTEM32\SSPICLI.DLL
[0531/183052.894:ERROR:process_memory_win.cc(73)] ReadMemory at 0x7ffe57cc0000 of 64 bytes failed: Запрос ReadProcessMemory или WriteProcessMemory был выполнен только частично. (0x12B)
[0531/183052.894:WARNING:pe_image_reader.cc(340)] could not read dos header from C:\WINDOWS\SYSTEM32\CRYPTBASE.DLL
[0531/183052.894:ERROR:process_memory_win.cc(73)] ReadMemory at 0x7ff7ab960000 of 64 bytes failed: Запрос ReadProcessMemory или WriteProcessMemory был выполнен только частично. (0x12B)
[0531/183052.894:WARNING:pe_image_reader.cc(340)] could not read dos header from C:\Program Files (x86)\Google\Chrome\Application\chrome.exe
[0531/183052.894:ERROR:process_memory_win.cc(73)] ReadMemory at 0x7ffe5b420000 of 64 bytes failed: Запрос ReadProcessMemory или WriteProcessMemory был выполнен только частично. (0x12B)
[0531/183052.894:WARNING:pe_image_reader.cc(340)] could not read dos header from C:\WINDOWS\SYSTEM32\ntdll.dll
[0531/183052.894:ERROR:process_memory_win.cc(73)] ReadMemory at 0x7ffe5ada0000 of 64 bytes failed: Запрос ReadProcessMemory или WriteProcessMemory был выполнен только частично. (0x12B)
[0531/183052.894:WARNING:pe_image_reader.cc(340)] could not read dos header from C:\WINDOWS\System32\KERNEL32.DLL
[0531/183052.894:ERROR:process_memory_win.cc(73)] ReadMemory at 0x7ffe58c50000 of 64 bytes failed: Запрос ReadProcessMemory или WriteProcessMemory был выполнен только частично. (0x12B)
[0531/183052.894:WARNING:pe_image_reader.cc(340)] could not read dos header from C:\WINDOWS\System32\KERNELBASE.dll
[0531/183052.894:ERROR:process_memory_win.cc(73)] ReadMemory at 0x7ffe326c0000 of 64 bytes failed: Запрос ReadProcessMemory или WriteProcessMemory был выполнен только частично. (0x12B)
[0531/183052.894:WARNING:pe_image_reader.cc(340)] could not read dos header from C:\Program Files (x86)\Google\Chrome\Application\83.0.4103.61\chrome_elf.dll
[0531/183052.894:ERROR:process_memory_win.cc(73)] ReadMemory at 0x7ffe51880000 of 64 bytes failed: Запрос ReadProcessMemory или WriteProcessMemory был выполнен только частично. (0x12B)
[0531/183052.894:WARNING:pe_image_reader.cc(340)] could not read dos header from C:\WINDOWS\SYSTEM32\VERSION.dll
[0531/183052.894:ERROR:process_memory_win.cc(73)] ReadMemory at 0x7ffe5a7b0000 of 64 bytes failed: Запрос ReadProcessMemory или WriteProcessMemory был выполнен только частично. (0x12B)
[0531/183052.894:WARNING:pe_image_reader.cc(340)] could not read dos header from C:\WINDOWS\System32\msvcrt.dll
[0531/183052.894:ERROR:process_memory_win.cc(73)] ReadMemory at 0x7ffe59300000 of 64 bytes failed: Запрос ReadProcessMemory или WriteProcessMemory был выполнен только частично. (0x12B)
[0531/183052.894:WARNING:pe_image_reader.cc(340)] could not read dos header from C:\WINDOWS\System32\bcryptPrimitives.dll
[0531/183052.894:ERROR:process_memory_win.cc(73)] ReadMemory at 0x7ffe5a970000 of 64 bytes failed: Запрос ReadProcessMemory или WriteProcessMemory был выполнен только частично. (0x12B)
[0531/183052.894:WARNING:pe_image_reader.cc(340)] could not read dos header from C:\WINDOWS\System32\ADVAPI32.dll
[0531/183052.894:ERROR:process_memory_win.cc(73)] ReadMemory at 0x7ffe59880000 of 64 bytes failed: Запрос ReadProcessMemory или WriteProcessMemory был выполнен только частично. (0x12B)
[0531/183052.895:WARNING:pe_image_reader.cc(340)] could not read dos header from C:\WINDOWS\System32\sechost.dll
[0531/183052.895:ERROR:process_memory_win.cc(73)] ReadMemory at 0x7ffe5a850000 of 64 bytes failed: Запрос ReadProcessMemory или WriteProcessMemory был выполнен только частично. (0x12B)
[0531/183052.895:WARNING:pe_image_reader.cc(340)] could not read dos header from C:\WINDOWS\System32\RPCRT4.dll
[0531/183052.895:ERROR:process_memory_win.cc(73)] ReadMemory at 0x7ffe0a7d0000 of 64 bytes failed: Запрос ReadProcessMemory или WriteProcessMemory был выполнен только частично. (0x12B)
[0531/183052.895:WARNING:pe_image_reader.cc(340)] could not read dos header from C:\Program Files (x86)\Google\Chrome\Application\83.0.4103.61\chrome.dll
[0531/183052.895:ERROR:process_memory_win.cc(73)] ReadMemory at 0x7ffe5a730000 of 64 bytes failed: Запрос ReadProcessMemory или WriteProcessMemory был выполнен только частично. (0x12B)
[0531/183052.895:WARNING:pe_image_reader.cc(340)] could not read dos header from C:\WINDOWS\System32\WS2_32.dll
[0531/183052.895:ERROR:process_memory_win.cc(73)] ReadMemory at 0x7ffe59730000 of 64 bytes failed: Запрос ReadProcessMemory или WriteProcessMemory был выполнен только частично. (0x12B)
[0531/183052.895:WARNING:pe_image_reader.cc(340)] could not read dos header from C:\WINDOWS\System32\OLEAUT32.dll
[0531/183052.895:ERROR:process_memory_win.cc(73)] ReadMemory at 0x7ffe58430000 of 64 bytes failed: Запрос ReadProcessMemory или WriteProcessMemory был выполнен только частично. (0x12B)
[0531/183052.895:WARNING:pe_image_reader.cc(340)] could not read dos header from C:\WINDOWS\System32\msvcp_win.dll
[0531/183052.895:ERROR:process_memory_win.cc(73)] ReadMemory at 0x7ffe58f30000 of 64 bytes failed: Запрос ReadProcessMemory или WriteProcessMemory был выполнен только частично. (0x12B)
[0531/183052.895:WARNING:pe_image_reader.cc(340)] could not read dos header from C:\WINDOWS\System32\ucrtbase.dll
[0531/183052.895:ERROR:process_memory_win.cc(73)] ReadMemory at 0x7ffe59b40000 of 64 bytes failed: Запрос ReadProcessMemory или WriteProcessMemory был выполнен только частично. (0x12B)
[0531/183052.895:WARNING:pe_image_reader.cc(340)] could not read dos header from C:\WINDOWS\System32\combase.dll
[0531/183052.895:ERROR:process_memory_win.cc(73)] ReadMemory at 0x7ffe59030000 of 64 bytes failed: Запрос ReadProcessMemory или WriteProcessMemory был выполнен только частично. (0x12B)
[0531/183052.895:WARNING:pe_image_reader.cc(340)] could not read dos header from C:\WINDOWS\System32\WINTRUST.dll
[0531/183052.895:ERROR:process_memory_win.cc(73)] ReadMemory at 0x7ffe58360000 of 64 bytes failed: Запрос ReadProcessMemory или WriteProcessMemory был выполнен только частично. (0x12B)
[0531/183052.895:WARNING:pe_image_reader.cc(340)] could not read dos header from C:\WINDOWS\System32\MSASN1.dll
[0531/183052.895:ERROR:process_memory_win.cc(73)] ReadMemory at 0x7ffe59380000 of 64 bytes failed: Запрос ReadProcessMemory или WriteProcessMemory был выполнен только частично. (0x12B)
[0531/183052.895:WARNING:pe_image_reader.cc(340)] could not read dos header from C:\WINDOWS\System32\CRYPT32.dll
[0531/183052.895:ERROR:process_memory_win.cc(73)] ReadMemory at 0x7ffe57800000 of 64 bytes failed: Запрос ReadProcessMemory или WriteProcessMemory был выполнен только частично. (0x12B)
[0531/183052.895:WARNING:pe_image_reader.cc(340)] could not read dos header from C:\WINDOWS\SYSTEM32\IPHLPAPI.DLL
[0531/183052.895:ERROR:process_memory_win.cc(73)] ReadMemory at 0x7ffe55530000 of 64 bytes failed: Запрос ReadProcessMemory или WriteProcessMemory был выполнен только частично. (0x12B)
[0531/183052.895:WARNING:pe_image_reader.cc(340)] could not read dos header from C:\WINDOWS\SYSTEM32\WINMM.dll
[0531/183052.895:ERROR:process_memory_win.cc(73)] ReadMemory at 0x7ffe460d0000 of 64 bytes failed: Запрос ReadProcessMemory или WriteProcessMemory был выполнен только частично. (0x12B)
[0531/183052.895:WARNING:pe_image_reader.cc(340)] could not read dos header from C:\WINDOWS\SYSTEM32\Secur32.dll
[0531/183052.895:ERROR:process_memory_win.cc(73)] ReadMemory at 0x7ffe58200000 of 64 bytes failed: Запрос ReadProcessMemory или WriteProcessMemory был выполнен только частично. (0x12B)
[0531/183052.895:WARNING:pe_image_reader.cc(340)] could not read dos header from C:\WINDOWS\SYSTEM32\USERENV.dll
[0531/183052.895:ERROR:process_memory_win.cc(73)] ReadMemory at 0x7ffe58380000 of 64 bytes failed: Запрос ReadProcessMemory или WriteProcessMemory был выполнен только частично. (0x12B)
[0531/183052.895:WARNING:pe_image_reader.cc(340)] could not read dos header from C:\WINDOWS\System32\profapi.dll
[0531/183052.895:ERROR:process_memory_win.cc(73)] ReadMemory at 0x7ffe423b0000 of 64 bytes failed: Запрос ReadProcessMemory или WriteProcessMemory был выполнен только частично. (0x12B)
[0531/183052.895:WARNING:pe_image_reader.cc(340)] could not read dos header from C:\WINDOWS\SYSTEM32\UIAutomationCore.DLL
[0531/183052.895:ERROR:process_memory_win.cc(73)] ReadMemory at 0x7ffe56530000 of 64 bytes failed: Запрос ReadProcessMemory или WriteProcessMemory был выполнен только частично. (0x12B)
[0531/183052.895:WARNING:pe_image_reader.cc(340)] could not read dos header from C:\WINDOWS\SYSTEM32\DWrite.dll
[0531/183052.896:ERROR:process_memory_win.cc(73)] ReadMemory at 0x7ffe51580000 of 64 bytes failed: Запрос ReadProcessMemory или WriteProcessMemory был выполнен только частично. (0x12B)
[0531/183052.896:WARNING:pe_image_reader.cc(340)] could not read dos header from C:\WINDOWS\SYSTEM32\WINSPOOL.DRV
[0531/183052.896:ERROR:process_memory_win.cc(73)] ReadMemory at 0x7ffe582f0000 of 64 bytes failed: Запрос ReadProcessMemory или WriteProcessMemory был выполнен только частично. (0x12B)
[0531/183052.896:WARNING:pe_image_reader.cc(340)] could not read dos header from C:\WINDOWS\System32\kernel.appcore.dll
[0531/183052.896:ERROR:process_memory_win.cc(73)] ReadMemory at 0x7ffe58f00000 of 64 bytes failed: Запрос ReadProcessMemory или WriteProcessMemory был выполнен только частично. (0x12B)
[0531/183052.896:WARNING:pe_image_reader.cc(340)] could not read dos header from C:\WINDOWS\System32\bcrypt.dll
[0531/183052.896:ERROR:process_memory_win.cc(73)] ReadMemory at 0x7ffe56a60000 of 64 bytes failed: Запрос ReadProcessMemory или WriteProcessMemory был выполнен только частично. (0x12B)
[0531/183052.896:WARNING:pe_image_reader.cc(340)] could not read dos header from C:\WINDOWS\SYSTEM32\dbghelp.dll
[0531/183052.896:ERROR:process_memory_win.cc(73)] ReadMemory at 0x7ffe50350000 of 64 bytes failed: Запрос ReadProcessMemory или WriteProcessMemory был выполнен только частично. (0x12B)
[0531/183052.896:WARNING:pe_image_reader.cc(340)] could not read dos header from C:\WINDOWS\SYSTEM32\WINHTTP.dll
[0531/183052.896:ERROR:process_memory_win.cc(73)] ReadMemory at 0x7ffe52710000 of 64 bytes failed: Запрос ReadProcessMemory или WriteProcessMemory был выполнен только частично. (0x12B)
[0531/183052.896:WARNING:pe_image_reader.cc(340)] could not read dos header from C:\WINDOWS\SYSTEM32\dhcpcsvc.DLL
[0531/183052.896:ERROR:process_memory_win.cc(73)] ReadMemory at 0x7ffe5ae80000 of 64 bytes failed: Запрос ReadProcessMemory или WriteProcessMemory был выполнен только частично. (0x12B)
[0531/183052.896:WARNING:pe_image_reader.cc(340)] could not read dos header from C:\WINDOWS\System32\NSI.dll
[0531/183052.896:ERROR:process_memory_win.cc(73)] ReadMemory at 0x7ffe55500000 of 64 bytes failed: Запрос ReadProcessMemory или WriteProcessMemory был выполнен только частично. (0x12B)
[0531/183052.896:WARNING:pe_image_reader.cc(340)] could not read dos header from C:\WINDOWS\SYSTEM32\WINMMBASE.dll
[0531/183052.896:ERROR:process_memory_win.cc(73)] ReadMemory at 0x7ffe583e0000 of 64 bytes failed: Запрос ReadProcessMemory или WriteProcessMemory был выполнен только частично. (0x12B)
[0531/183052.896:WARNING:pe_image_reader.cc(340)] could not read dos header from C:\WINDOWS\System32\cfgmgr32.dll
[0531/183052.896:ERROR:process_memory_win.cc(73)] ReadMemory at 0x7ffe54170000 of 64 bytes failed: Запрос ReadProcessMemory или WriteProcessMemory был выполнен только частично. (0x12B)
[0531/183052.896:WARNING:pe_image_reader.cc(340)] could not read dos header from C:\WINDOWS\SYSTEM32\PROPSYS.dll
[0531/183052.896:ERROR:process_memory_win.cc(73)] ReadMemory at 0x7ffe5ae90000 of 64 bytes failed: Запрос ReadProcessMemory или WriteProcessMemory был выполнен только частично. (0x12B)
[0531/183052.896:WARNING:pe_image_reader.cc(340)] could not read dos header from C:\WINDOWS\System32\shcore.dll
[0531/183052.896:ERROR:process_memory_win.cc(73)] ReadMemory at 0x7ffe581d0000 of 64 bytes failed: Запрос ReadProcessMemory или WriteProcessMemory был выполнен только частично. (0x12B)
[0531/183052.896:WARNING:pe_image_reader.cc(340)] could not read dos header from C:\WINDOWS\SYSTEM32\SSPICLI.DLL
[0531/183052.896:ERROR:process_memory_win.cc(73)] ReadMemory at 0x7ffe57cc0000 of 64 bytes failed: Запрос ReadProcessMemory или WriteProcessMemory был выполнен только частично. (0x12B)
[0531/183052.896:WARNING:pe_image_reader.cc(340)] could not read dos header from C:\WINDOWS\SYSTEM32\CRYPTBASE.DLL
[0531/183052.906:ERROR:process_memory_win.cc(73)] ReadMemory at 0xcbab5f2000 of 57344 bytes failed: Запрос ReadProcessMemory или WriteProcessMemory был выполнен только частично. (0x12B)
[0531/183052.907:ERROR:process_memory_win.cc(73)] ReadMemory at 0xcbabdfd000 of 12288 bytes failed: Запрос ReadProcessMemory или WriteProcessMemory был выполнен только частично. (0x12B)
[0531/183052.907:ERROR:process_memory_win.cc(73)] ReadMemory at 0xcbac5fc000 of 16384 bytes failed: Запрос ReadProcessMemory или WriteProcessMemory был выполнен только частично. (0x12B)
[0531/183052.907:ERROR:process_memory_win.cc(73)] ReadMemory at 0xcbacdfc000 of 16384 bytes failed: Запрос ReadProcessMemory или WriteProcessMemory был выполнен только частично. (0x12B)
[0531/183052.907:ERROR:process_memory_win.cc(73)] ReadMemory at 0xcbad5fc000 of 16384 bytes failed: Запрос ReadProcessMemory или WriteProcessMemory был выполнен только частично. (0x12B)
[0531/183052.907:ERROR:process_memory_win.cc(73)] ReadMemory at 0xcbaddff000 of 4096 bytes failed: Запрос ReadProcessMemory или WriteProcessMemory был выполнен только частично. (0x12B)
[0531/183052.907:ERROR:process_memory_win.cc(73)] ReadMemory at 0xcbae5fd000 of 12288 bytes failed: Запрос ReadProcessMemory или WriteProcessMemory был выполнен только частично. (0x12B)
[0531/183052.907:ERROR:process_memory_win.cc(73)] ReadMemory at 0xcbaedfb000 of 20480 bytes failed: Запрос ReadProcessMemory или WriteProcessMemory был выполнен только частично. (0x12B)
[0531/183052.907:ERROR:process_memory_win.cc(73)] ReadMemory at 0xcbaf5fd000 of 12288 bytes failed: Запрос ReadProcessMemory или WriteProcessMemory был выполнен только частично. (0x12B)
[0531/183052.907:ERROR:process_memory_win.cc(73)] ReadMemory at 0xcbafdfd000 of 12288 bytes failed: Запрос ReadProcessMemory или WriteProcessMemory был выполнен только частично. (0x12B)
[0531/183052.907:ERROR:process_memory_win.cc(73)] ReadMemory at 0xcbb05fd000 of 12288 bytes failed: Запрос ReadProcessMemory или WriteProcessMemory был выполнен только частично. (0x12B)
[0531/183052.908:ERROR:process_memory_win.cc(73)] ReadMemory at 0xcbb0dfd000 of 12288 bytes failed: Запрос ReadProcessMemory или WriteProcessMemory был выполнен только частично. (0x12B)
[0531/183052.908:ERROR:process_memory_win.cc(73)] ReadMemory at 0xcbb15fd000 of 12288 bytes failed: Запрос ReadProcessMemory или WriteProcessMemory был выполнен только частично. (0x12B)
[0531/183052.908:ERROR:process_memory_win.cc(73)] ReadMemory at 0xcbb1dfd000 of 12288 bytes failed: Запрос ReadProcessMemory или WriteProcessMemory был выполнен только частично. (0x12B)
[0531/183052.908:ERROR:process_memory_win.cc(73)] ReadMemory at 0xcbb25fd000 of 12288 bytes failed: Запрос ReadProcessMemory или WriteProcessMemory был выполнен только частично. (0x12B)
[0531/183052.908:ERROR:process_memory_win.cc(73)] ReadMemory at 0xcbb2dfd000 of 12288 bytes failed: Запрос ReadProcessMemory или WriteProcessMemory был выполнен только частично. (0x12B)
[0531/183052.908:ERROR:process_memory_win.cc(73)] ReadMemory at 0xcbaac4e000 of 852 bytes failed: Запрос ReadProcessMemory или WriteProcessMemory был выполнен только частично. (0x12B)
[0531/183052.908:ERROR:process_memory_win.cc(73)] ReadMemory at 0xcbaac4f000 of 6024 bytes failed: Запрос ReadProcessMemory или WriteProcessMemory был выполнен только частично. (0x12B)
[0531/183052.908:ERROR:process_memory_win.cc(73)] ReadMemory at 0xcbaac51000 of 6024 bytes failed: Запрос ReadProcessMemory или WriteProcessMemory был выполнен только частично. (0x12B)
[0531/183052.909:ERROR:process_memory_win.cc(73)] ReadMemory at 0xcbaac53000 of 6024 bytes failed: Запрос ReadProcessMemory или WriteProcessMemory был выполнен только частично. (0x12B)
[0531/183052.909:ERROR:process_memory_win.cc(73)] ReadMemory at 0xcbaac55000 of 6024 bytes failed: Запрос ReadProcessMemory или WriteProcessMemory был выполнен только частично. (0x12B)
[0531/183052.909:ERROR:process_memory_win.cc(73)] ReadMemory at 0xcbaac57000 of 6024 bytes failed: Запрос ReadProcessMemory или WriteProcessMemory был выполнен только частично. (0x12B)
[0531/183052.909:ERROR:process_memory_win.cc(73)] ReadMemory at 0xcbaac59000 of 6024 bytes failed: Запрос ReadProcessMemory или WriteProcessMemory был выполнен только частично. (0x12B)
[0531/183052.909:ERROR:process_memory_win.cc(73)] ReadMemory at 0xcbaac5b000 of 6024 bytes failed: Запрос ReadProcessMemory или WriteProcessMemory был выполнен только частично. (0x12B)
[0531/183052.909:ERROR:process_memory_win.cc(73)] ReadMemory at 0xcbaac5d000 of 6024 bytes failed: Запрос ReadProcessMemory или WriteProcessMemory был выполнен только частично. (0x12B)
[0531/183052.909:ERROR:process_memory_win.cc(73)] ReadMemory at 0xcbaac5f000 of 6024 bytes failed: Запрос ReadProcessMemory или WriteProcessMemory был выполнен только частично. (0x12B)
[0531/183052.909:ERROR:process_memory_win.cc(73)] ReadMemory at 0xcbaac61000 of 6024 bytes failed: Запрос ReadProcessMemory или WriteProcessMemory был выполнен только частично. (0x12B)
[0531/183052.909:ERROR:process_memory_win.cc(73)] ReadMemory at 0xcbaac63000 of 6024 bytes failed: Запрос ReadProcessMemory или WriteProcessMemory был выполнен только частично. (0x12B)
[0531/183052.910:ERROR:process_memory_win.cc(73)] ReadMemory at 0xcbaac65000 of 6024 bytes failed: Запрос ReadProcessMemory или WriteProcessMemory был выполнен только частично. (0x12B)
[0531/183052.910:ERROR:process_memory_win.cc(73)] ReadMemory at 0xcbaac67000 of 6024 bytes failed: Запрос ReadProcessMemory или WriteProcessMemory был выполнен только частично. (0x12B)
[0531/183052.910:ERROR:process_memory_win.cc(73)] ReadMemory at 0xcbaac69000 of 6024 bytes failed: Запрос ReadProcessMemory или WriteProcessMemory был выполнен только частично. (0x12B)
[0531/183052.910:ERROR:process_memory_win.cc(73)] ReadMemory at 0xcbaac6b000 of 6024 bytes failed: Запрос ReadProcessMemory или WriteProcessMemory был выполнен только частично. (0x12B)
[0531/183052.910:ERROR:process_memory_win.cc(73)] ReadMemory at 0xcbaac6d000 of 6024 bytes failed: Запрос ReadProcessMemory или WriteProcessMemory был выполнен только частично. (0x12B)
[0531/183052.910:ERROR:process_memory_win.cc(73)] ReadMemory at 0x25f301f0fe0 of 4686 bytes failed: Запрос ReadProcessMemory или WriteProcessMemory был выполнен только частично. (0x12B)
[0531/183052.910:ERROR:process_memory_win.cc(73)] ReadMemory at 0x25f301f2240 of 1012 bytes failed: Запрос ReadProcessMemory или WriteProcessMemory был выполнен только частично. (0x12B)
[0531/183052.911:ERROR:process_memory_win.cc(73)] ReadMemory at 0x25f301f2888 of 118 bytes failed: Запрос ReadProcessMemory или WriteProcessMemory был выполнен только частично. (0x12B)
[0531/183052.911:ERROR:process_memory_win.cc(73)] ReadMemory at 0x25f301f2900 of 828 bytes failed: Запрос ReadProcessMemory или WriteProcessMemory был выполнен только частично. (0x12B)
[0531/183052.911:ERROR:process_memory_win.cc(73)] ReadMemory at 0x25f301f2c3e of 118 bytes failed: Запрос ReadProcessMemory или WriteProcessMemory был выполнен только частично. (0x12B)
[0531/183052.911:ERROR:process_memory_win.cc(73)] ReadMemory at 0x25f301f2cb6 of 98 bytes failed: Запрос ReadProcessMemory или WriteProcessMemory был выполнен только частично. (0x12B)
[0531/183052.911:ERROR:process_memory_win.cc(73)] ReadMemory at 0x25f301f2d30 of 58 bytes failed: Запрос ReadProcessMemory или WriteProcessMemory был выполнен только частично. (0x12B)
[0531/183052.911:ERROR:process_memory_win.cc(73)] ReadMemory at 0x25f301f2e30 of 132 bytes failed: Запрос ReadProcessMemory или WriteProcessMemory был выполнен только частично. (0x12B)
[0531/183052.911:ERROR:process_memory_win.cc(73)] ReadMemory at 0x25f301f2fc0 of 132 bytes failed: Запрос ReadProcessMemory или WriteProcessMemory был выполнен только частично. (0x12B)
[0531/183052.911:ERROR:process_memory_win.cc(73)] ReadMemory at 0x25f301f3180 of 124 bytes failed: Запрос ReadProcessMemory или WriteProcessMemory был выполнен только частично. (0x12B)
[0531/183052.911:ERROR:process_memory_win.cc(73)] ReadMemory at 0x25f301f3560 of 132 bytes failed: Запрос ReadProcessMemory или WriteProcessMemory был выполнен только частично. (0x12B)
[0531/183052.911:ERROR:process_memory_win.cc(73)] ReadMemory at 0x25f301f36f0 of 64 bytes failed: Запрос ReadProcessMemory или WriteProcessMemory был выполнен только частично. (0x12B)
[0531/183052.911:ERROR:process_memory_win.cc(73)] ReadMemory at 0x25f301f3820 of 132 bytes failed: Запрос ReadProcessMemory или WriteProcessMemory был выполнен только частично. (0x12B)
[0531/183052.911:ERROR:process_memory_win.cc(73)] ReadMemory at 0x25f301f3b50 of 132 bytes failed: Запрос ReadProcessMemory или WriteProcessMemory был выполнен только частично. (0x12B)
[0531/183052.912:ERROR:process_memory_win.cc(73)] ReadMemory at 0x25f301f3ce0 of 68 bytes failed: Запрос ReadProcessMemory или WriteProcessMemory был выполнен только частично. (0x12B)
[0531/183052.912:ERROR:process_memory_win.cc(73)] ReadMemory at 0x25f301f4cf0 of 132 bytes failed: Запрос ReadProcessMemory или WriteProcessMemory был выполнен только частично. (0x12B)
[0531/183052.912:ERROR:process_memory_win.cc(73)] ReadMemory at 0x25f301f4e60 of 132 bytes failed: Запрос ReadProcessMemory или WriteProcessMemory был выполнен только частично. (0x12B)
[0531/183052.912:ERROR:process_memory_win.cc(73)] ReadMemory at 0x25f301f4fd0 of 152 bytes failed: Запрос ReadProcessMemory или WriteProcessMemory был выполнен только частично. (0x12B)
[0531/183052.912:ERROR:process_memory_win.cc(73)] ReadMemory at 0x25f301f5e10 of 62 bytes failed: Запрос ReadProcessMemory или WriteProcessMemory был выполнен только частично. (0x12B)
[0531/183052.912:ERROR:process_memory_win.cc(73)] ReadMemory at 0x25f301f5e90 of 144 bytes failed: Запрос ReadProcessMemory или WriteProcessMemory был выполнен только частично. (0x12B)
[0531/183052.912:ERROR:process_memory_win.cc(73)] ReadMemory at 0x25f301f5f70 of 132 bytes failed: Запрос ReadProcessMemory или WriteProcessMemory был выполнен только частично. (0x12B)
[0531/183052.912:ERROR:process_memory_win.cc(73)] ReadMemory at 0x25f301f6100 of 60 bytes failed: Запрос ReadProcessMemory или WriteProcessMemory был выполнен только частично. (0x12B)
[0531/183052.912:ERROR:process_memory_win.cc(73)] ReadMemory at 0x25f301f688a of 512 bytes failed: Запрос ReadProcessMemory или WriteProcessMemory был выполнен только частично. (0x12B)
[0531/183052.912:ERROR:process_memory_win.cc(73)] ReadMemory at 0x25f301f7860 of 132 bytes failed: Запрос ReadProcessMemory или WriteProcessMemory был выполнен только частично. (0x12B)
[0531/183052.912:ERROR:process_memory_win.cc(73)] ReadMemory at 0x25f301f7a70 of 132 bytes failed: Запрос ReadProcessMemory или WriteProcessMemory был выполнен только частично. (0x12B)
[0531/183052.913:ERROR:process_memory_win.cc(73)] ReadMemory at 0x25f301fa3b0 of 132 bytes failed: Запрос ReadProcessMemory или WriteProcessMemory был выполнен только частично. (0x12B)
[0531/183052.913:ERROR:process_memory_win.cc(73)] ReadMemory at 0x25f301fa4e0 of 132 bytes failed: Запрос ReadProcessMemory или WriteProcessMemory был выполнен только частично. (0x12B)
[0531/183052.913:ERROR:process_memory_win.cc(73)] ReadMemory at 0x25f301fa610 of 132 bytes failed: Запрос ReadProcessMemory или WriteProcessMemory был выполнен только частично. (0x12B)
[0531/183052.913:ERROR:process_memory_win.cc(73)] ReadMemory at 0x25f301fa770 of 132 bytes failed: Запрос ReadProcessMemory или WriteProcessMemory был выполнен только частично. (0x12B)
[0531/183052.913:ERROR:process_memory_win.cc(73)] ReadMemory at 0x25f301fa900 of 80 bytes failed: Запрос ReadProcessMemory или WriteProcessMemory был выполнен только частично. (0x12B)
[0531/183052.913:ERROR:process_memory_win.cc(73)] ReadMemory at 0x25f301faa20 of 62 bytes failed: Запрос ReadProcessMemory или WriteProcessMemory был выполнен только частично. (0x12B)
[0531/183052.913:ERROR:process_memory_win.cc(73)] ReadMemory at 0x25f301faac0 of 62 bytes failed: Запрос ReadProcessMemory или WriteProcessMemory был выполнен только частично. (0x12B)
[0531/183052.913:ERROR:process_memory_win.cc(73)] ReadMemory at 0x25f301fad40 of 64 bytes failed: Запрос ReadProcessMemory или WriteProcessMemory был выполнен только частично. (0x12B)
[0531/183052.913:ERROR:process_memory_win.cc(73)] ReadMemory at 0x25f301fade0 of 66 bytes failed: Запрос ReadProcessMemory или WriteProcessMemory был выполнен только частично. (0x12B)
[0531/183052.913:ERROR:process_memory_win.cc(73)] ReadMemory at 0x25f301fae30 of 64 bytes failed: Запрос ReadProcessMemory или WriteProcessMemory был выполнен только частично. (0x12B)
[0531/183052.913:ERROR:process_memory_win.cc(73)] ReadMemory at 0x25f301fae80 of 60 bytes failed: Запрос ReadProcessMemory или WriteProcessMemory был выполнен только частично. (0x12B)
[0531/183052.913:ERROR:process_memory_win.cc(73)] ReadMemory at 0x25f301fafc0 of 60 bytes failed: Запрос ReadProcessMemory или WriteProcessMemory был выполнен только частично. (0x12B)
[0531/183052.914:ERROR:process_memory_win.cc(73)] ReadMemory at 0x25f301fb010 of 64 bytes failed: Запрос ReadProcessMemory или WriteProcessMemory был выполнен только частично. (0x12B)
[0531/183052.914:ERROR:process_memory_win.cc(73)] ReadMemory at 0x25f301fb060 of 64 bytes failed: Запрос ReadProcessMemory или WriteProcessMemory был выполнен только частично. (0x12B)
[0531/183052.914:ERROR:process_memory_win.cc(73)] ReadMemory at 0x25f301fb660 of 132 bytes failed: Запрос ReadProcessMemory или WriteProcessMemory был выполнен только частично. (0x12B)
[0531/183052.914:ERROR:process_memory_win.cc(73)] ReadMemory at 0x25f301fb790 of 132 bytes failed: Запрос ReadProcessMemory или WriteProcessMemory был выполнен только частично. (0x12B)
[0531/183052.914:ERROR:process_memory_win.cc(73)] ReadMemory at 0x25f301fb8c0 of 132 bytes failed: Запрос ReadProcessMemory или WriteProcessMemory был выполнен только частично. (0x12B)
[0531/183052.914:ERROR:process_memory_win.cc(73)] ReadMemory at 0x25f301fb9f0 of 132 bytes failed: Запрос ReadProcessMemory или WriteProcessMemory был выполнен только частично. (0x12B)
[0531/183052.914:ERROR:process_memory_win.cc(73)] ReadMemory at 0x25f301fbb20 of 132 bytes failed: Запрос ReadProcessMemory или WriteProcessMemory был выполнен только частично. (0x12B)
[0531/183052.914:ERROR:process_memory_win.cc(73)] ReadMemory at 0x25f301fbc50 of 132 bytes failed: Запрос ReadProcessMemory или WriteProcessMemory был выполнен только частично. (0x12B)
[0531/183052.914:ERROR:process_memory_win.cc(73)] ReadMemory at 0x25f301fbd80 of 132 bytes failed: Запрос ReadProcessMemory или WriteProcessMemory был выполнен только частично. (0x12B)
[0531/183052.914:ERROR:process_memory_win.cc(73)] ReadMemory at 0x25f301fbeb0 of 132 bytes failed: Запрос ReadProcessMemory или WriteProcessMemory был выполнен только частично. (0x12B)
[0531/183052.915:ERROR:process_memory_win.cc(73)] ReadMemory at 0x25f301fbfe0 of 132 bytes failed: Запрос ReadProcessMemory или WriteProcessMemory был выполнен только частично. (0x12B)
[0531/183052.915:ERROR:process_memory_win.cc(73)] ReadMemory at 0x25f301fc240 of 132 bytes failed: Запрос ReadProcessMemory или WriteProcessMemory был выполнен только частично. (0x12B)
[0531/183052.915:ERROR:process_memory_win.cc(73)] ReadMemory at 0x25f301fc370 of 132 bytes failed: Запрос ReadProcessMemory или WriteProcessMemory был выполнен только частично. (0x12B)
[0531/183052.915:ERROR:process_memory_win.cc(73)] ReadMemory at 0x25f301fc4a0 of 132 bytes failed: Запрос ReadProcessMemory или WriteProcessMemory был выполнен только частично. (0x12B)
[0531/183052.915:ERROR:process_memory_win.cc(73)] ReadMemory at 0x25f301fca30 of 80 bytes failed: Запрос ReadProcessMemory или WriteProcessMemory был выполнен только частично. (0x12B)
[0531/183052.915:ERROR:process_memory_win.cc(73)] ReadMemory at 0x25f301fd090 of 76 bytes failed: Запрос ReadProcessMemory или WriteProcessMemory был выполнен только частично. (0x12B)
[0531/183052.915:ERROR:process_memory_win.cc(73)] ReadMemory at 0x25f301ff090 of 132 bytes failed: Запрос ReadProcessMemory или WriteProcessMemory был выполнен только частично. (0x12B)
[0531/183052.915:ERROR:process_memory_win.cc(73)] ReadMemory at 0x25f30200320 of 132 bytes failed: Запрос ReadProcessMemory или WriteProcessMemory был выполнен только частично. (0x12B)
[0531/183052.915:ERROR:process_memory_win.cc(73)] ReadMemory at 0x25f30202780 of 132 bytes failed: Запрос ReadProcessMemory или WriteProcessMemory был выполнен только частично. (0x12B)
[0531/183052.915:ERROR:process_memory_win.cc(73)] ReadMemory at 0x25f30205100 of 54 bytes failed: Запрос ReadProcessMemory или WriteProcessMemory был выполнен только частично. (0x12B)
[0531/183052.915:ERROR:process_memory_win.cc(73)] ReadMemory at 0x25f302060d0 of 62 bytes failed: Запрос ReadProcessMemory или WriteProcessMemory был выполнен только частично. (0x12B)
[0531/183052.915:ERROR:process_memory_win.cc(73)] ReadMemory at 0x25f30206120 of 60 bytes failed: Запрос ReadProcessMemory или WriteProcessMemory был выполнен только частично. (0x12B)
[0531/183052.915:ERROR:process_memory_win.cc(73)] ReadMemory at 0x25f30206170 of 60 bytes failed: Запрос ReadProcessMemory или WriteProcessMemory был выполнен только частично. (0x12B)
[0531/183052.915:ERROR:process_memory_win.cc(73)] ReadMemory at 0x25f30206300 of 66 bytes failed: Запрос ReadProcessMemory или WriteProcessMemory был выполнен только частично. (0x12B)
[0531/183052.915:ERROR:process_memory_win.cc(73)] ReadMemory at 0x25f30206350 of 60 bytes failed: Запрос ReadProcessMemory или WriteProcessMemory был выполнен только частично. (0x12B)
[0531/183052.915:ERROR:process_memory_win.cc(73)] ReadMemory at 0x25f302064e0 of 64 bytes failed: Запрос ReadProcessMemory или WriteProcessMemory был выполнен только частично. (0x12B)
[0531/183052.915:ERROR:process_memory_win.cc(73)] ReadMemory at 0x25f302065d0 of 62 bytes failed: Запрос ReadProcessMemory или WriteProcessMemory был выполнен только частично. (0x12B)
[0531/183052.916:ERROR:process_memory_win.cc(73)] ReadMemory at 0x25f30206620 of 62 bytes failed: Запрос ReadProcessMemory или WriteProcessMemory был выполнен только частично. (0x12B)
[0531/183052.916:ERROR:process_memory_win.cc(73)] ReadMemory at 0x25f30206670 of 62 bytes failed: Запрос ReadProcessMemory или WriteProcessMemory был выполнен только частично. (0x12B)
[0531/183052.916:ERROR:process_memory_win.cc(73)] ReadMemory at 0x25f302066c0 of 60 bytes failed: Запрос ReadProcessMemory или WriteProcessMemory был выполнен только частично. (0x12B)
[0531/183052.916:ERROR:process_memory_win.cc(73)] ReadMemory at 0x25f302067b0 of 62 bytes failed: Запрос ReadProcessMemory или WriteProcessMemory был выполнен только частично. (0x12B)
[0531/183052.916:ERROR:process_memory_win.cc(73)] ReadMemory at 0x25f30206850 of 64 bytes failed: Запрос ReadProcessMemory или WriteProcessMemory был выполнен только частично. (0x12B)
[0531/183052.916:ERROR:process_memory_win.cc(73)] ReadMemory at 0x25f30206940 of 62 bytes failed: Запрос ReadProcessMemory или WriteProcessMemory был выполнен только частично. (0x12B)
[0531/183052.916:ERROR:process_memory_win.cc(73)] ReadMemory at 0x25f30206990 of 64 bytes failed: Запрос ReadProcessMemory или WriteProcessMemory был выполнен только частично. (0x12B)
[0531/183052.916:ERROR:process_memory_win.cc(73)] ReadMemory at 0x25f30206a80 of 62 bytes failed: Запрос ReadProcessMemory или WriteProcessMemory был выполнен только частично. (0x12B)
[0531/183052.916:ERROR:process_memory_win.cc(73)] ReadMemory at 0x25f30206ad0 of 64 bytes failed: Запрос ReadProcessMemory или WriteProcessMemory был выполнен только частично. (0x12B)
[0531/183052.916:ERROR:process_memory_win.cc(73)] ReadMemory at 0x25f30206b70 of 58 bytes failed: Запрос ReadProcessMemory или WriteProcessMemory был выполнен только частично. (0x12B)
[0531/183052.917:ERROR:process_memory_win.cc(73)] ReadMemory at 0x25f30206cb0 of 62 bytes failed: Запрос ReadProcessMemory или WriteProcessMemory был выполнен только частично. (0x12B)
[0531/183052.917:ERROR:process_memory_win.cc(73)] ReadMemory at 0x25f30207380 of 132 bytes failed: Запрос ReadProcessMemory или WriteProcessMemory был выполнен только частично. (0x12B)
[0531/183052.917:ERROR:process_memory_win.cc(73)] ReadMemory at 0x25f302074b0 of 132 bytes failed: Запрос ReadProcessMemory или WriteProcessMemory был выполнен только частично. (0x12B)
[0531/183052.917:ERROR:process_memory_win.cc(73)] ReadMemory at 0x25f302075e0 of 132 bytes failed: Запрос ReadProcessMemory или WriteProcessMemory был выполнен только частично. (0x12B)
[0531/183052.917:ERROR:process_memory_win.cc(73)] ReadMemory at 0x25f30207710 of 132 bytes failed: Запрос ReadProcessMemory или WriteProcessMemory был выполнен только частично. (0x12B)
[0531/183052.917:ERROR:process_memory_win.cc(73)] ReadMemory at 0x25f30207aa0 of 132 bytes failed: Запрос ReadProcessMemory или WriteProcessMemory был выполнен только частично. (0x12B)
[0531/183052.917:ERROR:process_memory_win.cc(73)] ReadMemory at 0x25f30207bd0 of 132 bytes failed: Запрос ReadProcessMemory или WriteProcessMemory был выполнен только частично. (0x12B)
[0531/183052.917:ERROR:process_memory_win.cc(73)] ReadMemory at 0x25f30207d00 of 132 bytes failed: Запрос ReadProcessMemory или WriteProcessMemory был выполнен только частично. (0x12B)
[0531/183052.917:ERROR:process_memory_win.cc(73)] ReadMemory at 0x25f30208550 of 132 bytes failed: Запрос ReadProcessMemory или WriteProcessMemory был выполнен только частично. (0x12B)
[0531/183052.917:ERROR:process_memory_win.cc(73)] ReadMemory at 0x25f30208680 of 132 bytes failed: Запрос ReadProcessMemory или WriteProcessMemory был выполнен только частично. (0x12B)
[0531/183052.918:ERROR:process_memory_win.cc(73)] ReadMemory at 0x25f30208da0 of 132 bytes failed: Запрос ReadProcessMemory или WriteProcessMemory был выполнен только частично. (0x12B)
[0531/183052.918:ERROR:process_memory_win.cc(73)] ReadMemory at 0x25f3021d450 of 512 bytes failed: Запрос ReadProcessMemory или WriteProcessMemory был выполнен только частично. (0x12B)
[0531/183052.918:ERROR:process_memory_win.cc(73)] ReadMemory at 0x25f3021e200 of 512 bytes failed: Запрос ReadProcessMemory или WriteProcessMemory был выполнен только частично. (0x12B)
[0531/183052.918:ERROR:process_memory_win.cc(73)] ReadMemory at 0x25f304c2d40 of 512 bytes failed: Запрос ReadProcessMemory или WriteProcessMemory был выполнен только частично. (0x12B)
[0531/183052.918:ERROR:process_memory_win.cc(73)] ReadMemory at 0x25f309e0000 of 384 bytes failed: Запрос ReadProcessMemory или WriteProcessMemory был выполнен только частично. (0x12B)
[0531/183052.918:ERROR:process_memory_win.cc(73)] ReadMemory at 0x25f30a1aee0 of 512 bytes failed: Запрос ReadProcessMemory или WriteProcessMemory был выполнен только частично. (0x12B)
[0531/183052.918:ERROR:process_memory_win.cc(73)] ReadMemory at 0x25f30a1f381 of 512 bytes failed: Запрос ReadProcessMemory или WriteProcessMemory был выполнен только частично. (0x12B)
[0531/183052.918:ERROR:process_memory_win.cc(73)] ReadMemory at 0x25f30a20430 of 512 bytes failed: Запрос ReadProcessMemory или WriteProcessMemory был выполнен только частично. (0x12B)
[0531/183052.918:ERROR:process_memory_win.cc(73)] ReadMemory at 0x25f30a3bfd0 of 512 bytes failed: Запрос ReadProcessMemory или WriteProcessMemory был выполнен только частично. (0x12B)
[0531/183052.918:ERROR:process_memory_win.cc(73)] ReadMemory at 0x25f30a3f050 of 712 bytes failed: Запрос ReadProcessMemory или WriteProcessMemory был выполнен только частично. (0x12B)
[0531/183052.918:ERROR:process_memory_win.cc(73)] ReadMemory at 0x25f30a6b2a0 of 512 bytes failed: Запрос ReadProcessMemory или WriteProcessMemory был выполнен только частично. (0x12B)
[0531/183052.919:ERROR:process_memory_win.cc(73)] ReadMemory at 0x25f321161d0 of 512 bytes failed: Запрос ReadProcessMemory или WriteProcessMemory был выполнен только частично. (0x12B)
[0531/183052.919:ERROR:process_memory_win.cc(73)] ReadMemory at 0x25f325fff80 of 512 bytes failed: Запрос ReadProcessMemory или WriteProcessMemory был выполнен только частично. (0x12B)
[0531/183052.919:ERROR:process_memory_win.cc(73)] ReadMemory at 0x616f1868a4a8 of 512 bytes failed: Запрос ReadProcessMemory или WriteProcessMemory был выполнен только частично. (0x12B)
[0531/183052.919:ERROR:process_memory_win.cc(73)] ReadMemory at 0x7ffe0cf5806c of 512 bytes failed: Запрос ReadProcessMemory или WriteProcessMemory был выполнен только частично. (0x12B)
[0531/183052.919:ERROR:process_memory_win.cc(73)] ReadMemory at 0x7ffe0de85b61 of 512 bytes failed: Запрос ReadProcessMemory или WriteProcessMemory был выполнен только частично. (0x12B)
[0531/183052.919:ERROR:process_memory_win.cc(73)] ReadMemory at 0x7ffe120d9568 of 512 bytes failed: Запрос ReadProcessMemory или WriteProcessMemory был выполнен только частично. (0x12B)
[0531/183052.919:ERROR:process_memory_win.cc(73)] ReadMemory at 0x7ffe58ebc6e0 of 512 bytes failed: Запрос ReadProcessMemory или WriteProcessMemory был выполнен только частично. (0x12B)
[0531/183052.919:ERROR:process_memory_win.cc(73)] ReadMemory at 0x7ffe5b4bc074 of 672 bytes failed: Запрос ReadProcessMemory или WriteProcessMemory был выполнен только частично. (0x12B)
[0531/183052.919:ERROR:process_memory_win.cc(73)] ReadMemory at 0x7ffe5b4bc674 of 512 bytes failed: Запрос ReadProcessMemory или WriteProcessMemory был выполнен только частично. (0x12B)
[0531/183052.919:ERROR:process_memory_win.cc(73)] ReadMemory at 0x7ffe5b4bf924 of 608 bytes failed: Запрос ReadProcessMemory или WriteProcessMemory был выполнен только частично. (0x12B)
[0531/183052.920:ERROR:process_memory_win.cc(73)] ReadMemory at 0x7ffe5b54c428 of 18 bytes failed: Запрос ReadProcessMemory или WriteProcessMemory был выполнен только частично. (0x12B)
[0531/183052.920:ERROR:process_memory_win.cc(73)] ReadMemory at 0x7ffe5b57f4f8 of 40 bytes failed: Запрос ReadProcessMemory или WriteProcessMemory был выполнен только частично. (0x12B)
[0531/183052.920:ERROR:process_memory_win.cc(73)] ReadMemory at 0x7ffe5b57f978 of 48 bytes failed: Запрос ReadProcessMemory или WriteProcessMemory был выполнен только частично. (0x12B)
[0531/183052.920:ERROR:process_memory_win.cc(73)] ReadMemory at 0x7ffe5b5853c0 of 64 bytes failed: Запрос ReadProcessMemory или WriteProcessMemory был выполнен только частично. (0x12B)
[0531/183052.922:ERROR:scoped_process_suspend.cc(40)] NtResumeProcess: Попытка доступа к процессу, выполняющему процедуру завершения. (0xc000010a)
